    600.0 ns [f0000100] -> read 1a200800
    700.0 ns [f0000104] -> read aa315010
    780.0 ns [f0000108] -> read aa600001
    860.0 ns [f000010c] -> read d4119800
    940.0 ns [f0000110] -> read 1a20e000
   1020.0 ns [f0000114] -> read d4110000
   1100.0 ns [f0000118] -> read 00000007
   1180.0 ns [f000011c] -> read 15000000
   1260.0 ns [f0000134] -> read 1a20e000
   1360.0 ns [f0000138] -> read 86710000
   1440.0 ns [f000013c] -> read aa20003f
   1520.0 ns [f0000140] -> read e4b38800
   1600.0 ns [f0000144] -> read 13fffff7
   1680.0 ns [f0000148] -> read 15000000
   1760.0 ns [f0000120] -> read 1a20e000
   1860.0 ns [f0000124] -> read 86710000
   1940.0 ns [f0000128] -> read 1a20e000
   2020.0 ns [f000012c] -> read 9e730001
   2100.0 ns [f0000130] -> read d4119800
   2180.0 ns [f0000134] -> read 1a20e000
   2260.0 ns [f0000138] -> read 86710000
   2340.0 ns [f000013c] -> read aa20003f
   2420.0 ns [f0000140] -> read e4b38800
   2500.0 ns [f0000144] -> read 13fffff7
   2580.0 ns [f0000148] -> read 15000000
   2660.0 ns [f0000120] -> read 1a20e000
   2760.0 ns [f0000124] -> read 86710000
   2840.0 ns [f0000128] -> read 1a20e000
   2920.0 ns [f000012c] -> read 9e730001
   3000.0 ns [f0000130] -> read d4119800
   3080.0 ns [f0000134] -> read 1a20e000
   3160.0 ns [f0000138] -> read 86710000
   3240.0 ns [f000013c] -> read aa20003f
   3320.0 ns [f0000140] -> read e4b38800
   3400.0 ns [f0000144] -> read 13fffff7
   3480.0 ns [f0000148] -> read 15000000
   3560.0 ns [f0000120] -> read 1a20e000
   3660.0 ns [f0000124] -> read 86710000
   3740.0 ns [f0000128] -> read 1a20e000
   3820.0 ns [f000012c] -> read 9e730001
   3900.0 ns [f0000130] -> read d4119800
   3980.0 ns [f0000134] -> read 1a20e000
   4060.0 ns [f0000138] -> read 86710000
   4140.0 ns [f000013c] -> read aa20003f
   4220.0 ns [f0000140] -> read e4b38800
   4300.0 ns [f0000144] -> read 13fffff7
   4380.0 ns [f0000148] -> read 15000000
   4460.0 ns [f0000120] -> read 1a20e000
   4560.0 ns [f0000124] -> read 86710000
   4640.0 ns [f0000128] -> read 1a20e000
   4720.0 ns [f000012c] -> read 9e730001
   4800.0 ns [f0000130] -> read d4119800
   4880.0 ns [f0000134] -> read 1a20e000
   4960.0 ns [f0000138] -> read 86710000
   5040.0 ns [f000013c] -> read aa20003f
   5120.0 ns [f0000140] -> read e4b38800
   5200.0 ns [f0000144] -> read 13fffff7
   5280.0 ns [f0000148] -> read 15000000
   5360.0 ns [f0000120] -> read 1a20e000
   5460.0 ns [f0000124] -> read 86710000
   5540.0 ns [f0000128] -> read 1a20e000
   5620.0 ns [f000012c] -> read 9e730001
   5700.0 ns [f0000130] -> read d4119800
   5780.0 ns [f0000134] -> read 1a20e000
   5860.0 ns [f0000138] -> read 86710000
   5940.0 ns [f000013c] -> read aa20003f
   6020.0 ns [f0000140] -> read e4b38800
   6100.0 ns [f0000144] -> read 13fffff7
   6180.0 ns [f0000148] -> read 15000000
   6260.0 ns [f0000120] -> read 1a20e000
   6360.0 ns [f0000124] -> read 86710000
   6440.0 ns [f0000128] -> read 1a20e000
   6520.0 ns [f000012c] -> read 9e730001
   6600.0 ns [f0000130] -> read d4119800
   6680.0 ns [f0000134] -> read 1a20e000
   6760.0 ns [f0000138] -> read 86710000
   6840.0 ns [f000013c] -> read aa20003f
   6920.0 ns [f0000140] -> read e4b38800
   7000.0 ns [f0000144] -> read 13fffff7
   7080.0 ns [f0000148] -> read 15000000
   7160.0 ns [f0000120] -> read 1a20e000
   7260.0 ns [f0000124] -> read 86710000
   7340.0 ns [f0000128] -> read 1a20e000
   7420.0 ns [f000012c] -> read 9e730001
   7500.0 ns [f0000130] -> read d4119800
   7580.0 ns [f0000134] -> read 1a20e000
   7660.0 ns [f0000138] -> read 86710000
   7740.0 ns [f000013c] -> read aa20003f
   7820.0 ns [f0000140] -> read e4b38800
   7900.0 ns [f0000144] -> read 13fffff7
   7980.0 ns [f0000148] -> read 15000000
   8060.0 ns [f0000120] -> read 1a20e000
   8160.0 ns [f0000124] -> read 86710000
   8240.0 ns [f0000128] -> read 1a20e000
   8320.0 ns [f000012c] -> read 9e730001
   8400.0 ns [f0000130] -> read d4119800
   8480.0 ns [f0000134] -> read 1a20e000
   8560.0 ns [f0000138] -> read 86710000
   8640.0 ns [f000013c] -> read aa20003f
   8720.0 ns [f0000140] -> read e4b38800
   8800.0 ns [f0000144] -> read 13fffff7
   8880.0 ns [f0000148] -> read 15000000
   8960.0 ns [f0000120] -> read 1a20e000
   9060.0 ns [f0000124] -> read 86710000
   9140.0 ns [f0000128] -> read 1a20e000
   9220.0 ns [f000012c] -> read 9e730001
   9300.0 ns [f0000130] -> read d4119800
   9380.0 ns [f0000134] -> read 1a20e000
   9460.0 ns [f0000138] -> read 86710000
   9540.0 ns [f000013c] -> read aa20003f
   9620.0 ns [f0000140] -> read e4b38800
   9700.0 ns [f0000144] -> read 13fffff7
   9780.0 ns [f0000148] -> read 15000000
   9860.0 ns [f0000120] -> read 1a20e000
   9960.0 ns [f0000124] -> read 86710000
  10040.0 ns [f0000128] -> read 1a20e000
  10120.0 ns [f000012c] -> read 9e730001
  10200.0 ns [f0000130] -> read d4119800
  10280.0 ns [f0000134] -> read 1a20e000
  10360.0 ns [f0000138] -> read 86710000
  10440.0 ns [f000013c] -> read aa20003f
  10520.0 ns [f0000140] -> read e4b38800
  10600.0 ns [f0000144] -> read 13fffff7
  10680.0 ns [f0000148] -> read 15000000
  10760.0 ns [f0000120] -> read 1a20e000
  10860.0 ns [f0000124] -> read 86710000
  10940.0 ns [f0000128] -> read 1a20e000
  11020.0 ns [f000012c] -> read 9e730001
  11100.0 ns [f0000130] -> read d4119800
  11180.0 ns [f0000134] -> read 1a20e000
  11260.0 ns [f0000138] -> read 86710000
  11340.0 ns [f000013c] -> read aa20003f
  11420.0 ns [f0000140] -> read e4b38800
  11500.0 ns [f0000144] -> read 13fffff7
  11580.0 ns [f0000148] -> read 15000000
  11660.0 ns [f0000120] -> read 1a20e000
  11760.0 ns [f0000124] -> read 86710000
  11840.0 ns [f0000128] -> read 1a20e000
  11920.0 ns [f000012c] -> read 9e730001
  12000.0 ns [f0000130] -> read d4119800
  12080.0 ns [f0000134] -> read 1a20e000
  12160.0 ns [f0000138] -> read 86710000
  12240.0 ns [f000013c] -> read aa20003f
  12320.0 ns [f0000140] -> read e4b38800
  12400.0 ns [f0000144] -> read 13fffff7
  12480.0 ns [f0000148] -> read 15000000
  12560.0 ns [f0000120] -> read 1a20e000
  12660.0 ns [f0000124] -> read 86710000
  12740.0 ns [f0000128] -> read 1a20e000
  12820.0 ns [f000012c] -> read 9e730001
  12900.0 ns [f0000130] -> read d4119800
  12980.0 ns [f0000134] -> read 1a20e000
  13060.0 ns [f0000138] -> read 86710000
  13140.0 ns [f000013c] -> read aa20003f
  13220.0 ns [f0000140] -> read e4b38800
  13300.0 ns [f0000144] -> read 13fffff7
  13380.0 ns [f0000148] -> read 15000000
  13460.0 ns [f0000120] -> read 1a20e000
  13560.0 ns [f0000124] -> read 86710000
  13640.0 ns [f0000128] -> read 1a20e000
  13720.0 ns [f000012c] -> read 9e730001
  13800.0 ns [f0000130] -> read d4119800
  13880.0 ns [f0000134] -> read 1a20e000
  13960.0 ns [f0000138] -> read 86710000
  14040.0 ns [f000013c] -> read aa20003f
  14120.0 ns [f0000140] -> read e4b38800
  14200.0 ns [f0000144] -> read 13fffff7
  14280.0 ns [f0000148] -> read 15000000
  14360.0 ns [f0000120] -> read 1a20e000
  14460.0 ns [f0000124] -> read 86710000
  14540.0 ns [f0000128] -> read 1a20e000
  14620.0 ns [f000012c] -> read 9e730001
  14700.0 ns [f0000130] -> read d4119800
  14780.0 ns [f0000134] -> read 1a20e000
  14860.0 ns [f0000138] -> read 86710000
  14940.0 ns [f000013c] -> read aa20003f
  15020.0 ns [f0000140] -> read e4b38800
  15100.0 ns [f0000144] -> read 13fffff7
  15180.0 ns [f0000148] -> read 15000000
  15260.0 ns [f0000120] -> read 1a20e000
  15360.0 ns [f0000124] -> read 86710000
  15440.0 ns [f0000128] -> read 1a20e000
  15520.0 ns [f000012c] -> read 9e730001
  15600.0 ns [f0000130] -> read d4119800
  15680.0 ns [f0000134] -> read 1a20e000
  15760.0 ns [f0000138] -> read 86710000
  15840.0 ns [f000013c] -> read aa20003f
  15920.0 ns [f0000140] -> read e4b38800
  16000.0 ns [f0000144] -> read 13fffff7
  16080.0 ns [f0000148] -> read 15000000
  16160.0 ns [f0000120] -> read 1a20e000
  16260.0 ns [f0000124] -> read 86710000
  16340.0 ns [f0000128] -> read 1a20e000
  16420.0 ns [f000012c] -> read 9e730001
  16500.0 ns [f0000130] -> read d4119800
  16580.0 ns [f0000134] -> read 1a20e000
  16660.0 ns [f0000138] -> read 86710000
  16740.0 ns [f000013c] -> read aa20003f
  16820.0 ns [f0000140] -> read e4b38800
  16900.0 ns [f0000144] -> read 13fffff7
  16980.0 ns [f0000148] -> read 15000000
  17060.0 ns [f0000120] -> read 1a20e000
  17160.0 ns [f0000124] -> read 86710000
  17240.0 ns [f0000128] -> read 1a20e000
  17320.0 ns [f000012c] -> read 9e730001
  17400.0 ns [f0000130] -> read d4119800
  17480.0 ns [f0000134] -> read 1a20e000
  17560.0 ns [f0000138] -> read 86710000
  17640.0 ns [f000013c] -> read aa20003f
  17720.0 ns [f0000140] -> read e4b38800
  17800.0 ns [f0000144] -> read 13fffff7
  17880.0 ns [f0000148] -> read 15000000
  17960.0 ns [f0000120] -> read 1a20e000
  18060.0 ns [f0000124] -> read 86710000
  18140.0 ns [f0000128] -> read 1a20e000
  18220.0 ns [f000012c] -> read 9e730001
  18300.0 ns [f0000130] -> read d4119800
  18380.0 ns [f0000134] -> read 1a20e000
  18460.0 ns [f0000138] -> read 86710000
  18540.0 ns [f000013c] -> read aa20003f
  18620.0 ns [f0000140] -> read e4b38800
  18700.0 ns [f0000144] -> read 13fffff7
  18780.0 ns [f0000148] -> read 15000000
  18860.0 ns [f0000120] -> read 1a20e000
  18960.0 ns [f0000124] -> read 86710000
  19040.0 ns [f0000128] -> read 1a20e000
  19120.0 ns [f000012c] -> read 9e730001
  19200.0 ns [f0000130] -> read d4119800
  19280.0 ns [f0000134] -> read 1a20e000
  19360.0 ns [f0000138] -> read 86710000
  19440.0 ns [f000013c] -> read aa20003f
  19520.0 ns [f0000140] -> read e4b38800
  19600.0 ns [f0000144] -> read 13fffff7
  19680.0 ns [f0000148] -> read 15000000
  19760.0 ns [f0000120] -> read 1a20e000
  19860.0 ns [f0000124] -> read 86710000
  19940.0 ns [f0000128] -> read 1a20e000
  20020.0 ns [f000012c] -> read 9e730001
  20100.0 ns [f0000130] -> read d4119800
  20180.0 ns [f0000134] -> read 1a20e000
  20260.0 ns [f0000138] -> read 86710000
  20340.0 ns [f000013c] -> read aa20003f
  20420.0 ns [f0000140] -> read e4b38800
  20500.0 ns [f0000144] -> read 13fffff7
  20580.0 ns [f0000148] -> read 15000000
  20660.0 ns [f0000120] -> read 1a20e000
  20760.0 ns [f0000124] -> read 86710000
  20840.0 ns [f0000128] -> read 1a20e000
  20920.0 ns [f000012c] -> read 9e730001
  21000.0 ns [f0000130] -> read d4119800
  21080.0 ns [f0000134] -> read 1a20e000
  21160.0 ns [f0000138] -> read 86710000
  21240.0 ns [f000013c] -> read aa20003f
  21320.0 ns [f0000140] -> read e4b38800
  21400.0 ns [f0000144] -> read 13fffff7
  21480.0 ns [f0000148] -> read 15000000
  21560.0 ns [f0000120] -> read 1a20e000
  21660.0 ns [f0000124] -> read 86710000
  21740.0 ns [f0000128] -> read 1a20e000
  21820.0 ns [f000012c] -> read 9e730001
  21900.0 ns [f0000130] -> read d4119800
  21980.0 ns [f0000134] -> read 1a20e000
  22060.0 ns [f0000138] -> read 86710000
  22140.0 ns [f000013c] -> read aa20003f
  22220.0 ns [f0000140] -> read e4b38800
  22300.0 ns [f0000144] -> read 13fffff7
  22380.0 ns [f0000148] -> read 15000000
  22460.0 ns [f0000120] -> read 1a20e000
  22560.0 ns [f0000124] -> read 86710000
  22640.0 ns [f0000128] -> read 1a20e000
  22720.0 ns [f000012c] -> read 9e730001
  22800.0 ns [f0000130] -> read d4119800
  22880.0 ns [f0000134] -> read 1a20e000
  22960.0 ns [f0000138] -> read 86710000
  23040.0 ns [f000013c] -> read aa20003f
  23120.0 ns [f0000140] -> read e4b38800
  23200.0 ns [f0000144] -> read 13fffff7
  23280.0 ns [f0000148] -> read 15000000
  23360.0 ns [f0000120] -> read 1a20e000
  23460.0 ns [f0000124] -> read 86710000
  23540.0 ns [f0000128] -> read 1a20e000
  23620.0 ns [f000012c] -> read 9e730001
  23700.0 ns [f0000130] -> read d4119800
  23780.0 ns [f0000134] -> read 1a20e000
  23860.0 ns [f0000138] -> read 86710000
  23940.0 ns [f000013c] -> read aa20003f
  24020.0 ns [f0000140] -> read e4b38800
  24100.0 ns [f0000144] -> read 13fffff7
  24180.0 ns [f0000148] -> read 15000000
  24260.0 ns [f0000120] -> read 1a20e000
  24360.0 ns [f0000124] -> read 86710000
  24440.0 ns [f0000128] -> read 1a20e000
  24520.0 ns [f000012c] -> read 9e730001
  24600.0 ns [f0000130] -> read d4119800
  24680.0 ns [f0000134] -> read 1a20e000
  24760.0 ns [f0000138] -> read 86710000
  24840.0 ns [f000013c] -> read aa20003f
  24920.0 ns [f0000140] -> read e4b38800
  25000.0 ns [f0000144] -> read 13fffff7
  25080.0 ns [f0000148] -> read 15000000
  25160.0 ns [f0000120] -> read 1a20e000
  25260.0 ns [f0000124] -> read 86710000
  25340.0 ns [f0000128] -> read 1a20e000
  25420.0 ns [f000012c] -> read 9e730001
  25500.0 ns [f0000130] -> read d4119800
  25580.0 ns [f0000134] -> read 1a20e000
  25660.0 ns [f0000138] -> read 86710000
  25740.0 ns [f000013c] -> read aa20003f
  25820.0 ns [f0000140] -> read e4b38800
  25900.0 ns [f0000144] -> read 13fffff7
  25980.0 ns [f0000148] -> read 15000000
  26060.0 ns [f0000120] -> read 1a20e000
  26160.0 ns [f0000124] -> read 86710000
  26240.0 ns [f0000128] -> read 1a20e000
  26320.0 ns [f000012c] -> read 9e730001
  26400.0 ns [f0000130] -> read d4119800
  26480.0 ns [f0000134] -> read 1a20e000
  26560.0 ns [f0000138] -> read 86710000
  26640.0 ns [f000013c] -> read aa20003f
  26720.0 ns [f0000140] -> read e4b38800
  26800.0 ns [f0000144] -> read 13fffff7
  26880.0 ns [f0000148] -> read 15000000
  26960.0 ns [f0000120] -> read 1a20e000
  27060.0 ns [f0000124] -> read 86710000
  27140.0 ns [f0000128] -> read 1a20e000
  27220.0 ns [f000012c] -> read 9e730001
  27300.0 ns [f0000130] -> read d4119800
  27380.0 ns [f0000134] -> read 1a20e000
  27460.0 ns [f0000138] -> read 86710000
  27540.0 ns [f000013c] -> read aa20003f
  27620.0 ns [f0000140] -> read e4b38800
  27700.0 ns [f0000144] -> read 13fffff7
  27780.0 ns [f0000148] -> read 15000000
  27860.0 ns [f0000120] -> read 1a20e000
  27960.0 ns [f0000124] -> read 86710000
  28040.0 ns [f0000128] -> read 1a20e000
  28120.0 ns [f000012c] -> read 9e730001
  28200.0 ns [f0000130] -> read d4119800
  28280.0 ns [f0000134] -> read 1a20e000
  28360.0 ns [f0000138] -> read 86710000
  28440.0 ns [f000013c] -> read aa20003f
  28520.0 ns [f0000140] -> read e4b38800
  28600.0 ns [f0000144] -> read 13fffff7
  28680.0 ns [f0000148] -> read 15000000
  28760.0 ns [f0000120] -> read 1a20e000
  28860.0 ns [f0000124] -> read 86710000
  28940.0 ns [f0000128] -> read 1a20e000
  29020.0 ns [f000012c] -> read 9e730001
  29100.0 ns [f0000130] -> read d4119800
  29180.0 ns [f0000134] -> read 1a20e000
  29260.0 ns [f0000138] -> read 86710000
  29340.0 ns [f000013c] -> read aa20003f
  29420.0 ns [f0000140] -> read e4b38800
  29500.0 ns [f0000144] -> read 13fffff7
  29580.0 ns [f0000148] -> read 15000000
  29660.0 ns [f0000120] -> read 1a20e000
  29760.0 ns [f0000124] -> read 86710000
  29840.0 ns [f0000128] -> read 1a20e000
  29920.0 ns [f000012c] -> read 9e730001
  30000.0 ns [f0000130] -> read d4119800
  30080.0 ns [f0000134] -> read 1a20e000
  30160.0 ns [f0000138] -> read 86710000
  30240.0 ns [f000013c] -> read aa20003f
  30320.0 ns [f0000140] -> read e4b38800
  30400.0 ns [f0000144] -> read 13fffff7
  30480.0 ns [f0000148] -> read 15000000
  30560.0 ns [f0000120] -> read 1a20e000
  30660.0 ns [f0000124] -> read 86710000
  30740.0 ns [f0000128] -> read 1a20e000
  30820.0 ns [f000012c] -> read 9e730001
  30900.0 ns [f0000130] -> read d4119800
  30980.0 ns [f0000134] -> read 1a20e000
  31060.0 ns [f0000138] -> read 86710000
  31140.0 ns [f000013c] -> read aa20003f
  31220.0 ns [f0000140] -> read e4b38800
  31300.0 ns [f0000144] -> read 13fffff7
  31380.0 ns [f0000148] -> read 15000000
  31460.0 ns [f0000120] -> read 1a20e000
  31560.0 ns [f0000124] -> read 86710000
  31640.0 ns [f0000128] -> read 1a20e000
  31720.0 ns [f000012c] -> read 9e730001
  31800.0 ns [f0000130] -> read d4119800
  31880.0 ns [f0000134] -> read 1a20e000
  31960.0 ns [f0000138] -> read 86710000
  32040.0 ns [f000013c] -> read aa20003f
  32120.0 ns [f0000140] -> read e4b38800
  32200.0 ns [f0000144] -> read 13fffff7
  32280.0 ns [f0000148] -> read 15000000
  32360.0 ns [f0000120] -> read 1a20e000
  32460.0 ns [f0000124] -> read 86710000
  32540.0 ns [f0000128] -> read 1a20e000
  32620.0 ns [f000012c] -> read 9e730001
  32700.0 ns [f0000130] -> read d4119800
  32780.0 ns [f0000134] -> read 1a20e000
  32860.0 ns [f0000138] -> read 86710000
  32940.0 ns [f000013c] -> read aa20003f
  33020.0 ns [f0000140] -> read e4b38800
  33100.0 ns [f0000144] -> read 13fffff7
  33180.0 ns [f0000148] -> read 15000000
  33260.0 ns [f0000120] -> read 1a20e000
  33360.0 ns [f0000124] -> read 86710000
  33440.0 ns [f0000128] -> read 1a20e000
  33520.0 ns [f000012c] -> read 9e730001
  33600.0 ns [f0000130] -> read d4119800
  33680.0 ns [f0000134] -> read 1a20e000
  33760.0 ns [f0000138] -> read 86710000
  33840.0 ns [f000013c] -> read aa20003f
  33920.0 ns [f0000140] -> read e4b38800
  34000.0 ns [f0000144] -> read 13fffff7
  34080.0 ns [f0000148] -> read 15000000
  34160.0 ns [f0000120] -> read 1a20e000
  34260.0 ns [f0000124] -> read 86710000
  34340.0 ns [f0000128] -> read 1a20e000
  34420.0 ns [f000012c] -> read 9e730001
  34500.0 ns [f0000130] -> read d4119800
  34580.0 ns [f0000134] -> read 1a20e000
  34660.0 ns [f0000138] -> read 86710000
  34740.0 ns [f000013c] -> read aa20003f
  34820.0 ns [f0000140] -> read e4b38800
  34900.0 ns [f0000144] -> read 13fffff7
  34980.0 ns [f0000148] -> read 15000000
  35060.0 ns [f0000120] -> read 1a20e000
  35160.0 ns [f0000124] -> read 86710000
  35240.0 ns [f0000128] -> read 1a20e000
  35320.0 ns [f000012c] -> read 9e730001
  35400.0 ns [f0000130] -> read d4119800
  35480.0 ns [f0000134] -> read 1a20e000
  35560.0 ns [f0000138] -> read 86710000
  35640.0 ns [f000013c] -> read aa20003f
  35720.0 ns [f0000140] -> read e4b38800
  35800.0 ns [f0000144] -> read 13fffff7
  35880.0 ns [f0000148] -> read 15000000
  35960.0 ns [f0000120] -> read 1a20e000
  36060.0 ns [f0000124] -> read 86710000
  36140.0 ns [f0000128] -> read 1a20e000
  36220.0 ns [f000012c] -> read 9e730001
  36300.0 ns [f0000130] -> read d4119800
  36380.0 ns [f0000134] -> read 1a20e000
  36460.0 ns [f0000138] -> read 86710000
  36540.0 ns [f000013c] -> read aa20003f
  36620.0 ns [f0000140] -> read e4b38800
  36700.0 ns [f0000144] -> read 13fffff7
  36780.0 ns [f0000148] -> read 15000000
  36860.0 ns [f0000120] -> read 1a20e000
  36960.0 ns [f0000124] -> read 86710000
  37040.0 ns [f0000128] -> read 1a20e000
  37120.0 ns [f000012c] -> read 9e730001
  37200.0 ns [f0000130] -> read d4119800
  37280.0 ns [f0000134] -> read 1a20e000
  37360.0 ns [f0000138] -> read 86710000
  37440.0 ns [f000013c] -> read aa20003f
  37520.0 ns [f0000140] -> read e4b38800
  37600.0 ns [f0000144] -> read 13fffff7
  37680.0 ns [f0000148] -> read 15000000
  37760.0 ns [f0000120] -> read 1a20e000
  37860.0 ns [f0000124] -> read 86710000
  37940.0 ns [f0000128] -> read 1a20e000
  38020.0 ns [f000012c] -> read 9e730001
  38100.0 ns [f0000130] -> read d4119800
  38180.0 ns [f0000134] -> read 1a20e000
  38260.0 ns [f0000138] -> read 86710000
  38340.0 ns [f000013c] -> read aa20003f
  38420.0 ns [f0000140] -> read e4b38800
  38500.0 ns [f0000144] -> read 13fffff7
  38580.0 ns [f0000148] -> read 15000000
  38660.0 ns [f0000120] -> read 1a20e000
  38760.0 ns [f0000124] -> read 86710000
  38840.0 ns [f0000128] -> read 1a20e000
  38920.0 ns [f000012c] -> read 9e730001
  39000.0 ns [f0000130] -> read d4119800
  39080.0 ns [f0000134] -> read 1a20e000
  39160.0 ns [f0000138] -> read 86710000
  39240.0 ns [f000013c] -> read aa20003f
  39320.0 ns [f0000140] -> read e4b38800
  39400.0 ns [f0000144] -> read 13fffff7
  39480.0 ns [f0000148] -> read 15000000
  39560.0 ns [f0000120] -> read 1a20e000
  39660.0 ns [f0000124] -> read 86710000
  39740.0 ns [f0000128] -> read 1a20e000
  39820.0 ns [f000012c] -> read 9e730001
  39900.0 ns [f0000130] -> read d4119800
  39980.0 ns [f0000134] -> read 1a20e000
  40060.0 ns [f0000138] -> read 86710000
  40140.0 ns [f000013c] -> read aa20003f
  40220.0 ns [f0000140] -> read e4b38800
  40300.0 ns [f0000144] -> read 13fffff7
  40380.0 ns [f0000148] -> read 15000000
  40460.0 ns [f0000120] -> read 1a20e000
  40560.0 ns [f0000124] -> read 86710000
  40640.0 ns [f0000128] -> read 1a20e000
  40720.0 ns [f000012c] -> read 9e730001
  40800.0 ns [f0000130] -> read d4119800
  40880.0 ns [f0000134] -> read 1a20e000
  40960.0 ns [f0000138] -> read 86710000
  41040.0 ns [f000013c] -> read aa20003f
  41120.0 ns [f0000140] -> read e4b38800
  41200.0 ns [f0000144] -> read 13fffff7
  41280.0 ns [f0000148] -> read 15000000
  41360.0 ns [f0000120] -> read 1a20e000
  41460.0 ns [f0000124] -> read 86710000
  41540.0 ns [f0000128] -> read 1a20e000
  41620.0 ns [f000012c] -> read 9e730001
  41700.0 ns [f0000130] -> read d4119800
  41780.0 ns [f0000134] -> read 1a20e000
  41860.0 ns [f0000138] -> read 86710000
  41940.0 ns [f000013c] -> read aa20003f
  42020.0 ns [f0000140] -> read e4b38800
  42100.0 ns [f0000144] -> read 13fffff7
  42180.0 ns [f0000148] -> read 15000000
  42260.0 ns [f0000120] -> read 1a20e000
  42360.0 ns [f0000124] -> read 86710000
  42440.0 ns [f0000128] -> read 1a20e000
  42520.0 ns [f000012c] -> read 9e730001
  42600.0 ns [f0000130] -> read d4119800
  42680.0 ns [f0000134] -> read 1a20e000
  42760.0 ns [f0000138] -> read 86710000
  42840.0 ns [f000013c] -> read aa20003f
  42920.0 ns [f0000140] -> read e4b38800
  43000.0 ns [f0000144] -> read 13fffff7
  43080.0 ns [f0000148] -> read 15000000
  43160.0 ns [f0000120] -> read 1a20e000
  43260.0 ns [f0000124] -> read 86710000
  43340.0 ns [f0000128] -> read 1a20e000
  43420.0 ns [f000012c] -> read 9e730001
  43500.0 ns [f0000130] -> read d4119800
  43580.0 ns [f0000134] -> read 1a20e000
  43660.0 ns [f0000138] -> read 86710000
  43740.0 ns [f000013c] -> read aa20003f
  43820.0 ns [f0000140] -> read e4b38800
  43900.0 ns [f0000144] -> read 13fffff7
  43980.0 ns [f0000148] -> read 15000000
  44060.0 ns [f0000120] -> read 1a20e000
  44160.0 ns [f0000124] -> read 86710000
  44240.0 ns [f0000128] -> read 1a20e000
  44320.0 ns [f000012c] -> read 9e730001
  44400.0 ns [f0000130] -> read d4119800
  44480.0 ns [f0000134] -> read 1a20e000
  44560.0 ns [f0000138] -> read 86710000
  44640.0 ns [f000013c] -> read aa20003f
  44720.0 ns [f0000140] -> read e4b38800
  44800.0 ns [f0000144] -> read 13fffff7
  44880.0 ns [f0000148] -> read 15000000
  44960.0 ns [f0000120] -> read 1a20e000
  45060.0 ns [f0000124] -> read 86710000
  45140.0 ns [f0000128] -> read 1a20e000
  45220.0 ns [f000012c] -> read 9e730001
  45300.0 ns [f0000130] -> read d4119800
  45380.0 ns [f0000134] -> read 1a20e000
  45460.0 ns [f0000138] -> read 86710000
  45540.0 ns [f000013c] -> read aa20003f
  45620.0 ns [f0000140] -> read e4b38800
  45700.0 ns [f0000144] -> read 13fffff7
  45780.0 ns [f0000148] -> read 15000000
  45860.0 ns [f0000120] -> read 1a20e000
  45960.0 ns [f0000124] -> read 86710000
  46040.0 ns [f0000128] -> read 1a20e000
  46120.0 ns [f000012c] -> read 9e730001
  46200.0 ns [f0000130] -> read d4119800
  46280.0 ns [f0000134] -> read 1a20e000
  46360.0 ns [f0000138] -> read 86710000
  46440.0 ns [f000013c] -> read aa20003f
  46520.0 ns [f0000140] -> read e4b38800
  46600.0 ns [f0000144] -> read 13fffff7
  46680.0 ns [f0000148] -> read 15000000
  46760.0 ns [f0000120] -> read 1a20e000
  46860.0 ns [f0000124] -> read 86710000
  46940.0 ns [f0000128] -> read 1a20e000
  47020.0 ns [f000012c] -> read 9e730001
  47100.0 ns [f0000130] -> read d4119800
  47180.0 ns [f0000134] -> read 1a20e000
  47260.0 ns [f0000138] -> read 86710000
  47340.0 ns [f000013c] -> read aa20003f
  47420.0 ns [f0000140] -> read e4b38800
  47500.0 ns [f0000144] -> read 13fffff7
  47580.0 ns [f0000148] -> read 15000000
  47660.0 ns [f0000120] -> read 1a20e000
  47760.0 ns [f0000124] -> read 86710000
  47840.0 ns [f0000128] -> read 1a20e000
  47920.0 ns [f000012c] -> read 9e730001
  48000.0 ns [f0000130] -> read d4119800
  48080.0 ns [f0000134] -> read 1a20e000
  48160.0 ns [f0000138] -> read 86710000
  48240.0 ns [f000013c] -> read aa20003f
  48320.0 ns [f0000140] -> read e4b38800
  48400.0 ns [f0000144] -> read 13fffff7
  48480.0 ns [f0000148] -> read 15000000
  48560.0 ns [f0000120] -> read 1a20e000
  48660.0 ns [f0000124] -> read 86710000
  48740.0 ns [f0000128] -> read 1a20e000
  48820.0 ns [f000012c] -> read 9e730001
  48900.0 ns [f0000130] -> read d4119800
  48980.0 ns [f0000134] -> read 1a20e000
  49060.0 ns [f0000138] -> read 86710000
  49140.0 ns [f000013c] -> read aa20003f
  49220.0 ns [f0000140] -> read e4b38800
  49300.0 ns [f0000144] -> read 13fffff7
  49380.0 ns [f0000148] -> read 15000000
  49460.0 ns [f0000120] -> read 1a20e000
  49560.0 ns [f0000124] -> read 86710000
  49640.0 ns [f0000128] -> read 1a20e000
  49720.0 ns [f000012c] -> read 9e730001
  49800.0 ns [f0000130] -> read d4119800
  49880.0 ns [f0000134] -> read 1a20e000
  49960.0 ns [f0000138] -> read 86710000
  50040.0 ns [f000013c] -> read aa20003f
  50120.0 ns [f0000140] -> read e4b38800
  50200.0 ns [f0000144] -> read 13fffff7
  50280.0 ns [f0000148] -> read 15000000
  50360.0 ns [f0000120] -> read 1a20e000
  50460.0 ns [f0000124] -> read 86710000
  50540.0 ns [f0000128] -> read 1a20e000
  50620.0 ns [f000012c] -> read 9e730001
  50700.0 ns [f0000130] -> read d4119800
  50780.0 ns [f0000134] -> read 1a20e000
  50860.0 ns [f0000138] -> read 86710000
  50940.0 ns [f000013c] -> read aa20003f
  51020.0 ns [f0000140] -> read e4b38800
  51100.0 ns [f0000144] -> read 13fffff7
  51180.0 ns [f0000148] -> read 15000000
  51260.0 ns [f0000120] -> read 1a20e000
  51360.0 ns [f0000124] -> read 86710000
  51440.0 ns [f0000128] -> read 1a20e000
  51520.0 ns [f000012c] -> read 9e730001
  51600.0 ns [f0000130] -> read d4119800
  51680.0 ns [f0000134] -> read 1a20e000
  51760.0 ns [f0000138] -> read 86710000
  51840.0 ns [f000013c] -> read aa20003f
  51920.0 ns [f0000140] -> read e4b38800
  52000.0 ns [f0000144] -> read 13fffff7
  52080.0 ns [f0000148] -> read 15000000
  52160.0 ns [f0000120] -> read 1a20e000
  52260.0 ns [f0000124] -> read 86710000
  52340.0 ns [f0000128] -> read 1a20e000
  52420.0 ns [f000012c] -> read 9e730001
  52500.0 ns [f0000130] -> read d4119800
  52580.0 ns [f0000134] -> read 1a20e000
  52660.0 ns [f0000138] -> read 86710000
  52740.0 ns [f000013c] -> read aa20003f
  52820.0 ns [f0000140] -> read e4b38800
  52900.0 ns [f0000144] -> read 13fffff7
  52980.0 ns [f0000148] -> read 15000000
  53060.0 ns [f0000120] -> read 1a20e000
  53160.0 ns [f0000124] -> read 86710000
  53240.0 ns [f0000128] -> read 1a20e000
  53320.0 ns [f000012c] -> read 9e730001
  53400.0 ns [f0000130] -> read d4119800
  53480.0 ns [f0000134] -> read 1a20e000
  53560.0 ns [f0000138] -> read 86710000
  53640.0 ns [f000013c] -> read aa20003f
  53720.0 ns [f0000140] -> read e4b38800
  53800.0 ns [f0000144] -> read 13fffff7
  53880.0 ns [f0000148] -> read 15000000
  53960.0 ns [f0000120] -> read 1a20e000
  54060.0 ns [f0000124] -> read 86710000
  54140.0 ns [f0000128] -> read 1a20e000
  54220.0 ns [f000012c] -> read 9e730001
  54300.0 ns [f0000130] -> read d4119800
  54380.0 ns [f0000134] -> read 1a20e000
  54460.0 ns [f0000138] -> read 86710000
  54540.0 ns [f000013c] -> read aa20003f
  54620.0 ns [f0000140] -> read e4b38800
  54700.0 ns [f0000144] -> read 13fffff7
  54780.0 ns [f0000148] -> read 15000000
  54860.0 ns [f0000120] -> read 1a20e000
  54960.0 ns [f0000124] -> read 86710000
  55040.0 ns [f0000128] -> read 1a20e000
  55120.0 ns [f000012c] -> read 9e730001
  55200.0 ns [f0000130] -> read d4119800
  55280.0 ns [f0000134] -> read 1a20e000
  55360.0 ns [f0000138] -> read 86710000
  55440.0 ns [f000013c] -> read aa20003f
  55520.0 ns [f0000140] -> read e4b38800
  55600.0 ns [f0000144] -> read 13fffff7
  55680.0 ns [f0000148] -> read 15000000
  55760.0 ns [f0000120] -> read 1a20e000
  55860.0 ns [f0000124] -> read 86710000
  55940.0 ns [f0000128] -> read 1a20e000
  56020.0 ns [f000012c] -> read 9e730001
  56100.0 ns [f0000130] -> read d4119800
  56180.0 ns [f0000134] -> read 1a20e000
  56260.0 ns [f0000138] -> read 86710000
  56340.0 ns [f000013c] -> read aa20003f
  56420.0 ns [f0000140] -> read e4b38800
  56500.0 ns [f0000144] -> read 13fffff7
  56580.0 ns [f0000148] -> read 15000000
  56660.0 ns [f0000120] -> read 1a20e000
  56760.0 ns [f0000124] -> read 86710000
  56840.0 ns [f0000128] -> read 1a20e000
  56920.0 ns [f000012c] -> read 9e730001
  57000.0 ns [f0000130] -> read d4119800
  57080.0 ns [f0000134] -> read 1a20e000
  57160.0 ns [f0000138] -> read 86710000
  57240.0 ns [f000013c] -> read aa20003f
  57320.0 ns [f0000140] -> read e4b38800
  57400.0 ns [f0000144] -> read 13fffff7
  57480.0 ns [f0000148] -> read 15000000
  57560.0 ns [f0000120] -> read 1a20e000
  57660.0 ns [f0000124] -> read 86710000
  57740.0 ns [f0000128] -> read 1a20e000
  57820.0 ns [f000012c] -> read 9e730001
  57900.0 ns [f0000130] -> read d4119800
  57980.0 ns [f0000134] -> read 1a20e000
  58060.0 ns [f0000138] -> read 86710000
  58140.0 ns [f000013c] -> read aa20003f
  58220.0 ns [f0000140] -> read e4b38800
  58300.0 ns [f0000144] -> read 13fffff7
  58380.0 ns [f0000148] -> read 15000000
  58460.0 ns [f0000120] -> read 1a20e000
  58560.0 ns [f0000124] -> read 86710000
  58640.0 ns [f0000128] -> read 1a20e000
  58720.0 ns [f000012c] -> read 9e730001
  58800.0 ns [f0000130] -> read d4119800
  58880.0 ns [f0000134] -> read 1a20e000
  58960.0 ns [f0000138] -> read 86710000
  59040.0 ns [f000013c] -> read aa20003f
  59120.0 ns [f0000140] -> read e4b38800
  59200.0 ns [f0000144] -> read 13fffff7
  59280.0 ns [f0000148] -> read 15000000
  59360.0 ns [f000014c] -> read 1a200800
  59440.0 ns [f0000150] -> read aa315014
  59520.0 ns [f0000154] -> read aa600022
  59600.0 ns [f0000158] -> read d4119800
  59680.0 ns [f000015c] -> read aa605000
  59760.0 ns [f0000160] -> read 1a201111
  59840.0 ns [f0000164] -> read aa311111
  59920.0 ns [f0000168] -> read d4138800
  60000.0 ns [f000016c] -> read aa605004
  60080.0 ns [f0000170] -> read 1a202222
  60160.0 ns [f0000174] -> read aa312222
  60260.0 ns [f0000174] -> read aa312222
  60360.0 ns [f0000174] -> read aa312222
  60460.0 ns [f0000174] -> read aa312222
  60560.0 ns [f0000178] -> read d4138800
  60640.0 ns [f000017c] -> read aa605008
  60720.0 ns [f0000180] -> read 1a203333
  60800.0 ns [f0000184] -> read aa313333
  60900.0 ns [f0000184] -> read aa313333
  60980.0 ns [f0000188] -> read d4138800
  61060.0 ns [f000018c] -> read aa60500c
  61140.0 ns [f0000190] -> read 1a204444
  61220.0 ns [f0000194] -> read aa314444
  61320.0 ns [f0000194] -> read aa314444
  61420.0 ns [f0000198] -> read d4138800
  61500.0 ns [f000019c] -> read aa605000
  61580.0 ns [f00001a0] -> read aa208000
  61660.0 ns [f00001a4] -> read 86730000
  61760.0 ns [f00001a4] -> read 86730000
  61860.0 ns [f00001a8] -> read d4119800
  61940.0 ns [f00001ac] -> read aa605004
  62020.0 ns [f00001b0] -> read aa208004
  62120.0 ns [f00001b0] -> read aa208004
  62220.0 ns [f00001b0] -> read aa208004
  62320.0 ns [f00001b0] -> read aa208004
  62420.0 ns [f00001b4] -> read 86730000
  62520.0 ns [f00001b4] -> read 86730000
  62620.0 ns [f00001b4] -> read 86730000
  62720.0 ns [f00001b8] -> read d4119800
  62800.0 ns [f00001bc] -> read aa605008
  62880.0 ns [f00001c0] -> read aa208008
  62980.0 ns [f00001c0] -> read aa208008
  63080.0 ns [f00001c0] -> read aa208008
  63180.0 ns [f00001c0] -> read aa208008
  63260.0 ns [f00001c4] -> read 86730000
  63360.0 ns [f00001c4] -> read 86730000
  63460.0 ns [f00001c4] -> read 86730000
  63560.0 ns [f00001c8] -> read d4119800
  63640.0 ns [f00001cc] -> read aa60500c
  63720.0 ns [f00001d0] -> read aa20800c
  63820.0 ns [f00001d0] -> read aa20800c
  63920.0 ns [f00001d0] -> read aa20800c
  64020.0 ns [f00001d0] -> read aa20800c
  64100.0 ns [f00001d4] -> read 86730000
  64200.0 ns [f00001d4] -> read 86730000
  64300.0 ns [f00001d4] -> read 86730000
  64400.0 ns [f00001d8] -> read d4119800
  64480.0 ns [f00001dc] -> read 1a204000
  64560.0 ns [f00001e0] -> read aa310008
  64660.0 ns [f00001e0] -> read aa310008
  64760.0 ns [f00001e0] -> read aa310008
  64860.0 ns [f00001e0] -> read aa310008
  64940.0 ns [f00001e4] -> read aa6000ff
  65040.0 ns [f00001e4] -> read aa6000ff
  65140.0 ns [f00001e4] -> read aa6000ff
  65240.0 ns [f00001e8] -> read d4119800
  65320.0 ns [f00001ec] -> read 1a204000
  65400.0 ns [f00001f0] -> read aa310004
  65480.0 ns [f00001f4] -> read d4110000
  65560.0 ns [f00001f8] -> read 1a204000
  65640.0 ns [f00001fc] -> read aa310004
  65720.0 ns [f0000200] -> read 86710000
  65800.0 ns [f0000204] -> read aa208000
  65880.0 ns [f0000208] -> read 86b10000
  65960.0 ns [f000020c] -> read 1a201111
  66040.0 ns [f0000210] -> read aa311111
  66120.0 ns [f0000214] -> read e4158800
  66220.0 ns [f0000214] -> read e4158800
  66320.0 ns [f0000214] -> read e4158800
  66420.0 ns [f0000214] -> read e4158800
  66500.0 ns [f0000218] -> read aa200001
  66580.0 ns [f000021c] -> read e2318804
  66660.0 ns [f0000220] -> read 10000003
  66740.0 ns [f0000224] -> read 15000000
  66820.0 ns [f000022c] -> read a63100ff
  66920.0 ns [f0000230] -> read e2b18804
  67000.0 ns [f0000234] -> read 1a204000
  67080.0 ns [f0000238] -> read aa310004
  67160.0 ns [f000023c] -> read e273a804
  67240.0 ns [f0000240] -> read d4119800
  67320.0 ns [f0000244] -> read 1a204000
  67400.0 ns [f0000248] -> read aa310004
  67480.0 ns [f000024c] -> read 86b10000
  67560.0 ns [f0000250] -> read aa208004
  67640.0 ns [f0000254] -> read 86710000
  67720.0 ns [f0000258] -> read 1a202222
  67800.0 ns [f000025c] -> read aa312222
  67880.0 ns [f0000260] -> read e4338800
  67980.0 ns [f0000260] -> read e4338800
  68080.0 ns [f0000260] -> read e4338800
  68180.0 ns [f0000260] -> read e4338800
  68260.0 ns [f0000264] -> read 10000005
  68340.0 ns [f0000268] -> read 15000000
  68420.0 ns [f000026c] -> read aa600002
  68500.0 ns [f0000270] -> read 00000003
  68580.0 ns [f0000274] -> read 15000000
  68660.0 ns [f000027c] -> read 1a204000
  68760.0 ns [f0000280] -> read aa310004
  68840.0 ns [f0000284] -> read e273a804
  68920.0 ns [f0000288] -> read d4119800
  69000.0 ns [f000028c] -> read 1a204000
  69080.0 ns [f0000290] -> read aa310004
  69160.0 ns [f0000294] -> read 86b10000
  69240.0 ns [f0000298] -> read aa208008
  69320.0 ns [f000029c] -> read 86710000
  69400.0 ns [f00002a0] -> read 1a203333
  69480.0 ns [f00002a4] -> read aa313333
  69560.0 ns [f00002a8] -> read e4338800
  69660.0 ns [f00002a8] -> read e4338800
  69760.0 ns [f00002a8] -> read e4338800
  69860.0 ns [f00002a8] -> read e4338800
  69940.0 ns [f00002ac] -> read 10000005
  70020.0 ns [f00002b0] -> read 15000000
  70100.0 ns [f00002b4] -> read aa600004
  70180.0 ns [f00002b8] -> read 00000003
  70260.0 ns [f00002bc] -> read 15000000
  70340.0 ns [f00002c4] -> read 1a204000
  70440.0 ns [f00002c8] -> read aa310004
  70520.0 ns [f00002cc] -> read e273a804
  70600.0 ns [f00002d0] -> read d4119800
  70680.0 ns [f00002d4] -> read 1a204000
  70760.0 ns [f00002d8] -> read aa310004
  70840.0 ns [f00002dc] -> read 86b10000
  70920.0 ns [f00002e0] -> read aa20800c
  71000.0 ns [f00002e4] -> read 86710000
  71080.0 ns [f00002e8] -> read 1a204444
  71160.0 ns [f00002ec] -> read aa314444
  71240.0 ns [f00002f0] -> read e4338800
  71340.0 ns [f00002f0] -> read e4338800
  71440.0 ns [f00002f0] -> read e4338800
  71540.0 ns [f00002f0] -> read e4338800
  71620.0 ns [f00002f4] -> read 10000005
  71700.0 ns [f00002f8] -> read 15000000
  71780.0 ns [f00002fc] -> read aa600008
  71860.0 ns [f0000300] -> read 00000003
  71940.0 ns [f0000304] -> read 15000000
  72020.0 ns [f000030c] -> read 1a204000
  72120.0 ns [f0000310] -> read aa310004
  72200.0 ns [f0000314] -> read e273a804
  72280.0 ns [f0000318] -> read d4119800
  72360.0 ns [f000031c] -> read 04000008
  72440.0 ns [f0000320] -> read 15000000
  72520.0 ns [f0000324] -> read 15000000
  72600.0 ns [f000033c] -> read 9c21fff8
  72680.0 ns [f0000340] -> read d4011000
  72760.0 ns [f0000344] -> read 9c410008
  72840.0 ns [f0000348] -> read d4014804
  72980.0 ns [f000034c] -> read 1a606000
  73060.0 ns [f0000350] -> read aa730004
  73180.0 ns [f0000354] -> read 1a20e000
  73260.0 ns [f0000358] -> read aa311000
  73340.0 ns [f000035c] -> read 86730000
  73420.0 ns [f0000360] -> read d4119800
  73500.0 ns [f0000364] -> read 1a606000
  73580.0 ns [f0000368] -> read aa730008
  73660.0 ns [f000036c] -> read 1a20e000
  73740.0 ns [f0000370] -> read aa311004
  73820.0 ns [f0000374] -> read 86730000
  73900.0 ns [f0000378] -> read d4119800
  73980.0 ns [f000037c] -> read 1a606000
  74060.0 ns [f0000380] -> read 1a20e000
  74140.0 ns [f0000384] -> read aa311008
  74220.0 ns [f0000388] -> read 86730000
  74300.0 ns [f000038c] -> read d4119800
  74380.0 ns [f0000390] -> read 1a606000
  74460.0 ns [f0000394] -> read aa73000c
  74540.0 ns [f0000398] -> read 1a20e000
  74620.0 ns [f000039c] -> read aa31100c
  74700.0 ns [f00003a0] -> read 86730000
  74780.0 ns [f00003a4] -> read d4119800
  74860.0 ns [f00003a8] -> read 15000000
  74940.0 ns [f00003ac] -> read 84410000
  75020.0 ns [f00003b0] -> read 85210004
  75300.0 ns [f00003b4] -> read 9c210008
  75380.0 ns [f00003b8] -> read 44004800
  75460.0 ns [f00003bc] -> read 15000000
  77040.0 ns [f0000700] -> read xxxxxxxx
  77220.0 ns [f0000704] -> read xxxxxxxx
  77300.0 ns [f0000708] -> read xxxxxxxx
  77460.0 ns [f0000700] -> read xxxxxxxx
  77540.0 ns [f0000704] -> read xxxxxxxx
  77620.0 ns [f0000708] -> read xxxxxxxx
  77780.0 ns [f0000700] -> read xxxxxxxx
  77860.0 ns [f0000704] -> read xxxxxxxx
  77940.0 ns [f0000708] -> read xxxxxxxx
  78100.0 ns [f0000700] -> read xxxxxxxx
  78180.0 ns [f0000704] -> read xxxxxxxx
  78260.0 ns [f0000708] -> read xxxxxxxx
  78420.0 ns [f0000700] -> read xxxxxxxx
  78500.0 ns [f0000704] -> read xxxxxxxx
  78580.0 ns [f0000708] -> read xxxxxxxx
  78740.0 ns [f0000700] -> read xxxxxxxx
  78820.0 ns [f0000704] -> read xxxxxxxx
  78900.0 ns [f0000708] -> read xxxxxxxx
  79060.0 ns [f0000700] -> read xxxxxxxx
  79140.0 ns [f0000704] -> read xxxxxxxx
  79220.0 ns [f0000708] -> read xxxxxxxx
  79380.0 ns [f0000700] -> read xxxxxxxx
  79460.0 ns [f0000704] -> read xxxxxxxx
  79540.0 ns [f0000708] -> read xxxxxxxx
  79700.0 ns [f0000700] -> read xxxxxxxx
  79780.0 ns [f0000704] -> read xxxxxxxx
  79860.0 ns [f0000708] -> read xxxxxxxx
  80020.0 ns [f0000700] -> read xxxxxxxx
  80100.0 ns [f0000704] -> read xxxxxxxx
  80180.0 ns [f0000708] -> read xxxxxxxx
  80340.0 ns [f0000700] -> read xxxxxxxx
  80420.0 ns [f0000704] -> read xxxxxxxx
  80500.0 ns [f0000708] -> read xxxxxxxx
  80660.0 ns [f0000700] -> read xxxxxxxx
  80740.0 ns [f0000704] -> read xxxxxxxx
  80820.0 ns [f0000708] -> read xxxxxxxx
  80980.0 ns [f0000700] -> read xxxxxxxx
  81060.0 ns [f0000704] -> read xxxxxxxx
  81140.0 ns [f0000708] -> read xxxxxxxx
  81300.0 ns [f0000700] -> read xxxxxxxx
  81380.0 ns [f0000704] -> read xxxxxxxx
  81460.0 ns [f0000708] -> read xxxxxxxx
  81620.0 ns [f0000700] -> read xxxxxxxx
  81700.0 ns [f0000704] -> read xxxxxxxx
  81780.0 ns [f0000708] -> read xxxxxxxx
  81940.0 ns [f0000700] -> read xxxxxxxx
  82020.0 ns [f0000704] -> read xxxxxxxx
  82100.0 ns [f0000708] -> read xxxxxxxx
  82260.0 ns [f0000700] -> read xxxxxxxx
  82340.0 ns [f0000704] -> read xxxxxxxx
  82420.0 ns [f0000708] -> read xxxxxxxx
  82580.0 ns [f0000700] -> read xxxxxxxx
  82660.0 ns [f0000704] -> read xxxxxxxx
  82740.0 ns [f0000708] -> read xxxxxxxx
  82900.0 ns [f0000700] -> read xxxxxxxx
  82980.0 ns [f0000704] -> read xxxxxxxx
  83060.0 ns [f0000708] -> read xxxxxxxx
  83220.0 ns [f0000700] -> read xxxxxxxx
  83300.0 ns [f0000704] -> read xxxxxxxx
  83380.0 ns [f0000708] -> read xxxxxxxx
  83540.0 ns [f0000700] -> read xxxxxxxx
  83620.0 ns [f0000704] -> read xxxxxxxx
  83700.0 ns [f0000708] -> read xxxxxxxx
  83860.0 ns [f0000700] -> read xxxxxxxx
  83940.0 ns [f0000704] -> read xxxxxxxx
  84020.0 ns [f0000708] -> read xxxxxxxx
  84180.0 ns [f0000700] -> read xxxxxxxx
  84260.0 ns [f0000704] -> read xxxxxxxx
  84340.0 ns [f0000708] -> read xxxxxxxx
  84500.0 ns [f0000700] -> read xxxxxxxx
  84580.0 ns [f0000704] -> read xxxxxxxx
  84660.0 ns [f0000708] -> read xxxxxxxx
  84820.0 ns [f0000700] -> read xxxxxxxx
  84900.0 ns [f0000704] -> read xxxxxxxx
  84980.0 ns [f0000708] -> read xxxxxxxx
  85140.0 ns [f0000700] -> read xxxxxxxx
  85220.0 ns [f0000704] -> read xxxxxxxx
  85300.0 ns [f0000708] -> read xxxxxxxx
  85460.0 ns [f0000700] -> read xxxxxxxx
  85540.0 ns [f0000704] -> read xxxxxxxx
  85620.0 ns [f0000708] -> read xxxxxxxx
  85780.0 ns [f0000700] -> read xxxxxxxx
  85860.0 ns [f0000704] -> read xxxxxxxx
  85940.0 ns [f0000708] -> read xxxxxxxx
  86100.0 ns [f0000700] -> read xxxxxxxx
  86180.0 ns [f0000704] -> read xxxxxxxx
  86260.0 ns [f0000708] -> read xxxxxxxx
  86420.0 ns [f0000700] -> read xxxxxxxx
  86500.0 ns [f0000704] -> read xxxxxxxx
  86580.0 ns [f0000708] -> read xxxxxxxx
  86740.0 ns [f0000700] -> read xxxxxxxx
  86820.0 ns [f0000704] -> read xxxxxxxx
  86900.0 ns [f0000708] -> read xxxxxxxx
  87060.0 ns [f0000700] -> read xxxxxxxx
  87140.0 ns [f0000704] -> read xxxxxxxx
  87220.0 ns [f0000708] -> read xxxxxxxx
  87380.0 ns [f0000700] -> read xxxxxxxx
  87460.0 ns [f0000704] -> read xxxxxxxx
  87540.0 ns [f0000708] -> read xxxxxxxx
  87700.0 ns [f0000700] -> read xxxxxxxx
  87780.0 ns [f0000704] -> read xxxxxxxx
  87860.0 ns [f0000708] -> read xxxxxxxx
  88020.0 ns [f0000700] -> read xxxxxxxx
  88100.0 ns [f0000704] -> read xxxxxxxx
  88180.0 ns [f0000708] -> read xxxxxxxx
  88340.0 ns [f0000700] -> read xxxxxxxx
  88420.0 ns [f0000704] -> read xxxxxxxx
  88500.0 ns [f0000708] -> read xxxxxxxx
  88660.0 ns [f0000700] -> read xxxxxxxx
  88740.0 ns [f0000704] -> read xxxxxxxx
  88820.0 ns [f0000708] -> read xxxxxxxx
  88980.0 ns [f0000700] -> read xxxxxxxx
  89060.0 ns [f0000704] -> read xxxxxxxx
  89140.0 ns [f0000708] -> read xxxxxxxx
  89300.0 ns [f0000700] -> read xxxxxxxx
  89380.0 ns [f0000704] -> read xxxxxxxx
  89460.0 ns [f0000708] -> read xxxxxxxx
  89620.0 ns [f0000700] -> read xxxxxxxx
  89700.0 ns [f0000704] -> read xxxxxxxx
  89780.0 ns [f0000708] -> read xxxxxxxx
  89940.0 ns [f0000700] -> read xxxxxxxx
  90020.0 ns [f0000704] -> read xxxxxxxx
  90100.0 ns [f0000708] -> read xxxxxxxx
  90260.0 ns [f0000700] -> read xxxxxxxx
  90340.0 ns [f0000704] -> read xxxxxxxx
  90420.0 ns [f0000708] -> read xxxxxxxx
  90580.0 ns [f0000700] -> read xxxxxxxx
  90660.0 ns [f0000704] -> read xxxxxxxx
  90740.0 ns [f0000708] -> read xxxxxxxx
  90900.0 ns [f0000700] -> read xxxxxxxx
  90980.0 ns [f0000704] -> read xxxxxxxx
  91060.0 ns [f0000708] -> read xxxxxxxx
  91220.0 ns [f0000700] -> read xxxxxxxx
  91300.0 ns [f0000704] -> read xxxxxxxx
  91380.0 ns [f0000708] -> read xxxxxxxx
  91540.0 ns [f0000700] -> read xxxxxxxx
  91620.0 ns [f0000704] -> read xxxxxxxx
  91700.0 ns [f0000708] -> read xxxxxxxx
  91860.0 ns [f0000700] -> read xxxxxxxx
  91940.0 ns [f0000704] -> read xxxxxxxx
  92020.0 ns [f0000708] -> read xxxxxxxx
  92180.0 ns [f0000700] -> read xxxxxxxx
  92260.0 ns [f0000704] -> read xxxxxxxx
  92340.0 ns [f0000708] -> read xxxxxxxx
  92500.0 ns [f0000700] -> read xxxxxxxx
  92580.0 ns [f0000704] -> read xxxxxxxx
  92660.0 ns [f0000708] -> read xxxxxxxx
  92820.0 ns [f0000700] -> read xxxxxxxx
  92900.0 ns [f0000704] -> read xxxxxxxx
  92980.0 ns [f0000708] -> read xxxxxxxx
  93140.0 ns [f0000700] -> read xxxxxxxx
  93220.0 ns [f0000704] -> read xxxxxxxx
  93300.0 ns [f0000708] -> read xxxxxxxx
  93460.0 ns [f0000700] -> read xxxxxxxx
  93540.0 ns [f0000704] -> read xxxxxxxx
  93620.0 ns [f0000708] -> read xxxxxxxx
  93780.0 ns [f0000700] -> read xxxxxxxx
  93860.0 ns [f0000704] -> read xxxxxxxx
  93940.0 ns [f0000708] -> read xxxxxxxx
  94100.0 ns [f0000700] -> read xxxxxxxx
  94180.0 ns [f0000704] -> read xxxxxxxx
  94260.0 ns [f0000708] -> read xxxxxxxx
  94420.0 ns [f0000700] -> read xxxxxxxx
  94500.0 ns [f0000704] -> read xxxxxxxx
  94580.0 ns [f0000708] -> read xxxxxxxx
  94740.0 ns [f0000700] -> read xxxxxxxx
  94820.0 ns [f0000704] -> read xxxxxxxx
  94900.0 ns [f0000708] -> read xxxxxxxx
  95060.0 ns [f0000700] -> read xxxxxxxx
  95140.0 ns [f0000704] -> read xxxxxxxx
  95220.0 ns [f0000708] -> read xxxxxxxx
  95380.0 ns [f0000700] -> read xxxxxxxx
  95460.0 ns [f0000704] -> read xxxxxxxx
  95540.0 ns [f0000708] -> read xxxxxxxx
  95700.0 ns [f0000700] -> read xxxxxxxx
  95780.0 ns [f0000704] -> read xxxxxxxx
  95860.0 ns [f0000708] -> read xxxxxxxx
  96020.0 ns [f0000700] -> read xxxxxxxx
  96100.0 ns [f0000704] -> read xxxxxxxx
  96180.0 ns [f0000708] -> read xxxxxxxx
  96340.0 ns [f0000700] -> read xxxxxxxx
  96420.0 ns [f0000704] -> read xxxxxxxx
  96500.0 ns [f0000708] -> read xxxxxxxx
  96660.0 ns [f0000700] -> read xxxxxxxx
  96740.0 ns [f0000704] -> read xxxxxxxx
  96820.0 ns [f0000708] -> read xxxxxxxx
  96980.0 ns [f0000700] -> read xxxxxxxx
  97060.0 ns [f0000704] -> read xxxxxxxx
  97140.0 ns [f0000708] -> read xxxxxxxx
  97300.0 ns [f0000700] -> read xxxxxxxx
  97380.0 ns [f0000704] -> read xxxxxxxx
  97460.0 ns [f0000708] -> read xxxxxxxx
  97620.0 ns [f0000700] -> read xxxxxxxx
  97700.0 ns [f0000704] -> read xxxxxxxx
  97780.0 ns [f0000708] -> read xxxxxxxx
  97940.0 ns [f0000700] -> read xxxxxxxx
  98020.0 ns [f0000704] -> read xxxxxxxx
  98100.0 ns [f0000708] -> read xxxxxxxx
  98260.0 ns [f0000700] -> read xxxxxxxx
  98340.0 ns [f0000704] -> read xxxxxxxx
  98420.0 ns [f0000708] -> read xxxxxxxx
  98580.0 ns [f0000700] -> read xxxxxxxx
  98660.0 ns [f0000704] -> read xxxxxxxx
  98740.0 ns [f0000708] -> read xxxxxxxx
  98900.0 ns [f0000700] -> read xxxxxxxx
  98980.0 ns [f0000704] -> read xxxxxxxx
  99060.0 ns [f0000708] -> read xxxxxxxx
  99220.0 ns [f0000700] -> read xxxxxxxx
  99300.0 ns [f0000704] -> read xxxxxxxx
  99380.0 ns [f0000708] -> read xxxxxxxx
  99540.0 ns [f0000700] -> read xxxxxxxx
  99620.0 ns [f0000704] -> read xxxxxxxx
  99700.0 ns [f0000708] -> read xxxxxxxx
  99860.0 ns [f0000700] -> read xxxxxxxx
  99940.0 ns [f0000704] -> read xxxxxxxx
 100020.0 ns [f0000708] -> read xxxxxxxx
 100180.0 ns [f0000700] -> read xxxxxxxx
 100260.0 ns [f0000704] -> read xxxxxxxx
 100340.0 ns [f0000708] -> read xxxxxxxx
 100500.0 ns [f0000700] -> read xxxxxxxx
 100580.0 ns [f0000704] -> read xxxxxxxx
 100660.0 ns [f0000708] -> read xxxxxxxx
 100820.0 ns [f0000700] -> read xxxxxxxx
 100900.0 ns [f0000704] -> read xxxxxxxx
 100980.0 ns [f0000708] -> read xxxxxxxx
 101140.0 ns [f0000700] -> read xxxxxxxx
 101220.0 ns [f0000704] -> read xxxxxxxx
 101300.0 ns [f0000708] -> read xxxxxxxx
 101460.0 ns [f0000700] -> read xxxxxxxx
 101540.0 ns [f0000704] -> read xxxxxxxx
 101620.0 ns [f0000708] -> read xxxxxxxx
 101780.0 ns [f0000700] -> read xxxxxxxx
 101860.0 ns [f0000704] -> read xxxxxxxx
 101940.0 ns [f0000708] -> read xxxxxxxx
 102100.0 ns [f0000700] -> read xxxxxxxx
 102180.0 ns [f0000704] -> read xxxxxxxx
 102260.0 ns [f0000708] -> read xxxxxxxx
 102420.0 ns [f0000700] -> read xxxxxxxx
 102500.0 ns [f0000704] -> read xxxxxxxx
 102580.0 ns [f0000708] -> read xxxxxxxx
 102740.0 ns [f0000700] -> read xxxxxxxx
 102820.0 ns [f0000704] -> read xxxxxxxx
 102900.0 ns [f0000708] -> read xxxxxxxx
 103060.0 ns [f0000700] -> read xxxxxxxx
 103140.0 ns [f0000704] -> read xxxxxxxx
 103220.0 ns [f0000708] -> read xxxxxxxx
 103380.0 ns [f0000700] -> read xxxxxxxx
 103460.0 ns [f0000704] -> read xxxxxxxx
 103540.0 ns [f0000708] -> read xxxxxxxx
 103700.0 ns [f0000700] -> read xxxxxxxx
 103780.0 ns [f0000704] -> read xxxxxxxx
 103860.0 ns [f0000708] -> read xxxxxxxx
 104020.0 ns [f0000700] -> read xxxxxxxx
 104100.0 ns [f0000704] -> read xxxxxxxx
 104180.0 ns [f0000708] -> read xxxxxxxx
 104340.0 ns [f0000700] -> read xxxxxxxx
 104420.0 ns [f0000704] -> read xxxxxxxx
 104500.0 ns [f0000708] -> read xxxxxxxx
 104660.0 ns [f0000700] -> read xxxxxxxx
 104740.0 ns [f0000704] -> read xxxxxxxx
 104820.0 ns [f0000708] -> read xxxxxxxx
 104980.0 ns [f0000700] -> read xxxxxxxx
 105060.0 ns [f0000704] -> read xxxxxxxx
 105140.0 ns [f0000708] -> read xxxxxxxx
 105300.0 ns [f0000700] -> read xxxxxxxx
 105380.0 ns [f0000704] -> read xxxxxxxx
 105460.0 ns [f0000708] -> read xxxxxxxx
 105620.0 ns [f0000700] -> read xxxxxxxx
 105700.0 ns [f0000704] -> read xxxxxxxx
 105780.0 ns [f0000708] -> read xxxxxxxx
 105940.0 ns [f0000700] -> read xxxxxxxx
 106020.0 ns [f0000704] -> read xxxxxxxx
 106100.0 ns [f0000708] -> read xxxxxxxx
 106260.0 ns [f0000700] -> read xxxxxxxx
 106340.0 ns [f0000704] -> read xxxxxxxx
 106420.0 ns [f0000708] -> read xxxxxxxx
 106580.0 ns [f0000700] -> read xxxxxxxx
 106660.0 ns [f0000704] -> read xxxxxxxx
 106740.0 ns [f0000708] -> read xxxxxxxx
 106900.0 ns [f0000700] -> read xxxxxxxx
 106980.0 ns [f0000704] -> read xxxxxxxx
 107060.0 ns [f0000708] -> read xxxxxxxx
 107220.0 ns [f0000700] -> read xxxxxxxx
 107300.0 ns [f0000704] -> read xxxxxxxx
 107380.0 ns [f0000708] -> read xxxxxxxx
 107540.0 ns [f0000700] -> read xxxxxxxx
 107620.0 ns [f0000704] -> read xxxxxxxx
 107700.0 ns [f0000708] -> read xxxxxxxx
 107860.0 ns [f0000700] -> read xxxxxxxx
 107940.0 ns [f0000704] -> read xxxxxxxx
 108020.0 ns [f0000708] -> read xxxxxxxx
 108180.0 ns [f0000700] -> read xxxxxxxx
 108260.0 ns [f0000704] -> read xxxxxxxx
 108340.0 ns [f0000708] -> read xxxxxxxx
 108500.0 ns [f0000700] -> read xxxxxxxx
 108580.0 ns [f0000704] -> read xxxxxxxx
 108660.0 ns [f0000708] -> read xxxxxxxx
 108820.0 ns [f0000700] -> read xxxxxxxx
 108900.0 ns [f0000704] -> read xxxxxxxx
 108980.0 ns [f0000708] -> read xxxxxxxx
 109140.0 ns [f0000700] -> read xxxxxxxx
 109220.0 ns [f0000704] -> read xxxxxxxx
 109300.0 ns [f0000708] -> read xxxxxxxx
 109460.0 ns [f0000700] -> read xxxxxxxx
 109540.0 ns [f0000704] -> read xxxxxxxx
 109620.0 ns [f0000708] -> read xxxxxxxx
 109780.0 ns [f0000700] -> read xxxxxxxx
 109860.0 ns [f0000704] -> read xxxxxxxx
 109940.0 ns [f0000708] -> read xxxxxxxx
 110100.0 ns [f0000700] -> read xxxxxxxx
 110180.0 ns [f0000704] -> read xxxxxxxx
 110260.0 ns [f0000708] -> read xxxxxxxx
 110420.0 ns [f0000700] -> read xxxxxxxx
 110500.0 ns [f0000704] -> read xxxxxxxx
 110580.0 ns [f0000708] -> read xxxxxxxx
 110740.0 ns [f0000700] -> read xxxxxxxx
 110820.0 ns [f0000704] -> read xxxxxxxx
 110900.0 ns [f0000708] -> read xxxxxxxx
 111060.0 ns [f0000700] -> read xxxxxxxx
 111140.0 ns [f0000704] -> read xxxxxxxx
 111220.0 ns [f0000708] -> read xxxxxxxx
 111380.0 ns [f0000700] -> read xxxxxxxx
 111460.0 ns [f0000704] -> read xxxxxxxx
 111540.0 ns [f0000708] -> read xxxxxxxx
 111700.0 ns [f0000700] -> read xxxxxxxx
 111780.0 ns [f0000704] -> read xxxxxxxx
 111860.0 ns [f0000708] -> read xxxxxxxx
 112020.0 ns [f0000700] -> read xxxxxxxx
 112100.0 ns [f0000704] -> read xxxxxxxx
 112180.0 ns [f0000708] -> read xxxxxxxx
 112340.0 ns [f0000700] -> read xxxxxxxx
 112420.0 ns [f0000704] -> read xxxxxxxx
 112500.0 ns [f0000708] -> read xxxxxxxx
 112660.0 ns [f0000700] -> read xxxxxxxx
 112740.0 ns [f0000704] -> read xxxxxxxx
 112820.0 ns [f0000708] -> read xxxxxxxx
 112980.0 ns [f0000700] -> read xxxxxxxx
 113060.0 ns [f0000704] -> read xxxxxxxx
 113140.0 ns [f0000708] -> read xxxxxxxx
 113300.0 ns [f0000700] -> read xxxxxxxx
 113380.0 ns [f0000704] -> read xxxxxxxx
 113460.0 ns [f0000708] -> read xxxxxxxx
 113620.0 ns [f0000700] -> read xxxxxxxx
 113700.0 ns [f0000704] -> read xxxxxxxx
 113780.0 ns [f0000708] -> read xxxxxxxx
 113940.0 ns [f0000700] -> read xxxxxxxx
 114020.0 ns [f0000704] -> read xxxxxxxx
 114100.0 ns [f0000708] -> read xxxxxxxx
 114260.0 ns [f0000700] -> read xxxxxxxx
 114340.0 ns [f0000704] -> read xxxxxxxx
 114420.0 ns [f0000708] -> read xxxxxxxx
 114580.0 ns [f0000700] -> read xxxxxxxx
 114660.0 ns [f0000704] -> read xxxxxxxx
 114740.0 ns [f0000708] -> read xxxxxxxx
 114900.0 ns [f0000700] -> read xxxxxxxx
 114980.0 ns [f0000704] -> read xxxxxxxx
 115060.0 ns [f0000708] -> read xxxxxxxx
 115220.0 ns [f0000700] -> read xxxxxxxx
 115300.0 ns [f0000704] -> read xxxxxxxx
 115380.0 ns [f0000708] -> read xxxxxxxx
 115540.0 ns [f0000700] -> read xxxxxxxx
 115620.0 ns [f0000704] -> read xxxxxxxx
 115700.0 ns [f0000708] -> read xxxxxxxx
 115860.0 ns [f0000700] -> read xxxxxxxx
 115940.0 ns [f0000704] -> read xxxxxxxx
 116020.0 ns [f0000708] -> read xxxxxxxx
 116180.0 ns [f0000700] -> read xxxxxxxx
 116260.0 ns [f0000704] -> read xxxxxxxx
 116340.0 ns [f0000708] -> read xxxxxxxx
 116500.0 ns [f0000700] -> read xxxxxxxx
 116580.0 ns [f0000704] -> read xxxxxxxx
 116660.0 ns [f0000708] -> read xxxxxxxx
 116820.0 ns [f0000700] -> read xxxxxxxx
 116900.0 ns [f0000704] -> read xxxxxxxx
 116980.0 ns [f0000708] -> read xxxxxxxx
 117140.0 ns [f0000700] -> read xxxxxxxx
 117220.0 ns [f0000704] -> read xxxxxxxx
 117300.0 ns [f0000708] -> read xxxxxxxx
 117460.0 ns [f0000700] -> read xxxxxxxx
 117540.0 ns [f0000704] -> read xxxxxxxx
 117620.0 ns [f0000708] -> read xxxxxxxx
 117780.0 ns [f0000700] -> read xxxxxxxx
 117860.0 ns [f0000704] -> read xxxxxxxx
 117940.0 ns [f0000708] -> read xxxxxxxx
 118100.0 ns [f0000700] -> read xxxxxxxx
 118180.0 ns [f0000704] -> read xxxxxxxx
 118260.0 ns [f0000708] -> read xxxxxxxx
 118420.0 ns [f0000700] -> read xxxxxxxx
 118500.0 ns [f0000704] -> read xxxxxxxx
 118580.0 ns [f0000708] -> read xxxxxxxx
 118740.0 ns [f0000700] -> read xxxxxxxx
 118820.0 ns [f0000704] -> read xxxxxxxx
 118900.0 ns [f0000708] -> read xxxxxxxx
 119060.0 ns [f0000700] -> read xxxxxxxx
 119140.0 ns [f0000704] -> read xxxxxxxx
 119220.0 ns [f0000708] -> read xxxxxxxx
 119380.0 ns [f0000700] -> read xxxxxxxx
 119460.0 ns [f0000704] -> read xxxxxxxx
 119540.0 ns [f0000708] -> read xxxxxxxx
 119700.0 ns [f0000700] -> read xxxxxxxx
 119780.0 ns [f0000704] -> read xxxxxxxx
 119860.0 ns [f0000708] -> read xxxxxxxx
 120020.0 ns [f0000700] -> read xxxxxxxx
 120100.0 ns [f0000704] -> read xxxxxxxx
 120180.0 ns [f0000708] -> read xxxxxxxx
 120340.0 ns [f0000700] -> read xxxxxxxx
 120420.0 ns [f0000704] -> read xxxxxxxx
 120500.0 ns [f0000708] -> read xxxxxxxx
 120660.0 ns [f0000700] -> read xxxxxxxx
 120740.0 ns [f0000704] -> read xxxxxxxx
 120820.0 ns [f0000708] -> read xxxxxxxx
 120980.0 ns [f0000700] -> read xxxxxxxx
 121060.0 ns [f0000704] -> read xxxxxxxx
 121140.0 ns [f0000708] -> read xxxxxxxx
 121300.0 ns [f0000700] -> read xxxxxxxx
 121380.0 ns [f0000704] -> read xxxxxxxx
 121460.0 ns [f0000708] -> read xxxxxxxx
 121620.0 ns [f0000700] -> read xxxxxxxx
 121700.0 ns [f0000704] -> read xxxxxxxx
 121780.0 ns [f0000708] -> read xxxxxxxx
 121940.0 ns [f0000700] -> read xxxxxxxx
 122020.0 ns [f0000704] -> read xxxxxxxx
 122100.0 ns [f0000708] -> read xxxxxxxx
 122260.0 ns [f0000700] -> read xxxxxxxx
 122340.0 ns [f0000704] -> read xxxxxxxx
 122420.0 ns [f0000708] -> read xxxxxxxx
 122580.0 ns [f0000700] -> read xxxxxxxx
 122660.0 ns [f0000704] -> read xxxxxxxx
 122740.0 ns [f0000708] -> read xxxxxxxx
 122900.0 ns [f0000700] -> read xxxxxxxx
 122980.0 ns [f0000704] -> read xxxxxxxx
 123060.0 ns [f0000708] -> read xxxxxxxx
 123220.0 ns [f0000700] -> read xxxxxxxx
 123300.0 ns [f0000704] -> read xxxxxxxx
 123380.0 ns [f0000708] -> read xxxxxxxx
 123540.0 ns [f0000700] -> read xxxxxxxx
 123620.0 ns [f0000704] -> read xxxxxxxx
 123700.0 ns [f0000708] -> read xxxxxxxx
 123860.0 ns [f0000700] -> read xxxxxxxx
 123940.0 ns [f0000704] -> read xxxxxxxx
 124020.0 ns [f0000708] -> read xxxxxxxx
 124180.0 ns [f0000700] -> read xxxxxxxx
 124260.0 ns [f0000704] -> read xxxxxxxx
 124340.0 ns [f0000708] -> read xxxxxxxx
 124500.0 ns [f0000700] -> read xxxxxxxx
 124580.0 ns [f0000704] -> read xxxxxxxx
 124660.0 ns [f0000708] -> read xxxxxxxx
 124820.0 ns [f0000700] -> read xxxxxxxx
 124900.0 ns [f0000704] -> read xxxxxxxx
 124980.0 ns [f0000708] -> read xxxxxxxx
 125140.0 ns [f0000700] -> read xxxxxxxx
 125220.0 ns [f0000704] -> read xxxxxxxx
 125300.0 ns [f0000708] -> read xxxxxxxx
 125460.0 ns [f0000700] -> read xxxxxxxx
 125540.0 ns [f0000704] -> read xxxxxxxx
 125620.0 ns [f0000708] -> read xxxxxxxx
 125780.0 ns [f0000700] -> read xxxxxxxx
 125860.0 ns [f0000704] -> read xxxxxxxx
 125940.0 ns [f0000708] -> read xxxxxxxx
 126100.0 ns [f0000700] -> read xxxxxxxx
 126180.0 ns [f0000704] -> read xxxxxxxx
 126260.0 ns [f0000708] -> read xxxxxxxx
 126420.0 ns [f0000700] -> read xxxxxxxx
 126500.0 ns [f0000704] -> read xxxxxxxx
 126580.0 ns [f0000708] -> read xxxxxxxx
 126740.0 ns [f0000700] -> read xxxxxxxx
 126820.0 ns [f0000704] -> read xxxxxxxx
 126900.0 ns [f0000708] -> read xxxxxxxx
 127060.0 ns [f0000700] -> read xxxxxxxx
 127140.0 ns [f0000704] -> read xxxxxxxx
 127220.0 ns [f0000708] -> read xxxxxxxx
 127380.0 ns [f0000700] -> read xxxxxxxx
 127460.0 ns [f0000704] -> read xxxxxxxx
 127540.0 ns [f0000708] -> read xxxxxxxx
 127700.0 ns [f0000700] -> read xxxxxxxx
 127780.0 ns [f0000704] -> read xxxxxxxx
 127860.0 ns [f0000708] -> read xxxxxxxx
 128020.0 ns [f0000700] -> read xxxxxxxx
 128100.0 ns [f0000704] -> read xxxxxxxx
 128180.0 ns [f0000708] -> read xxxxxxxx
 128340.0 ns [f0000700] -> read xxxxxxxx
 128420.0 ns [f0000704] -> read xxxxxxxx
 128500.0 ns [f0000708] -> read xxxxxxxx
 128660.0 ns [f0000700] -> read xxxxxxxx
 128740.0 ns [f0000704] -> read xxxxxxxx
 128820.0 ns [f0000708] -> read xxxxxxxx
 128980.0 ns [f0000700] -> read xxxxxxxx
 129060.0 ns [f0000704] -> read xxxxxxxx
 129140.0 ns [f0000708] -> read xxxxxxxx
 129300.0 ns [f0000700] -> read xxxxxxxx
 129380.0 ns [f0000704] -> read xxxxxxxx
 129460.0 ns [f0000708] -> read xxxxxxxx
 129620.0 ns [f0000700] -> read xxxxxxxx
 129700.0 ns [f0000704] -> read xxxxxxxx
 129780.0 ns [f0000708] -> read xxxxxxxx
 129940.0 ns [f0000700] -> read xxxxxxxx
 130020.0 ns [f0000704] -> read xxxxxxxx
 130100.0 ns [f0000708] -> read xxxxxxxx
 130260.0 ns [f0000700] -> read xxxxxxxx
 130340.0 ns [f0000704] -> read xxxxxxxx
 130420.0 ns [f0000708] -> read xxxxxxxx
 130580.0 ns [f0000700] -> read xxxxxxxx
 130660.0 ns [f0000704] -> read xxxxxxxx
 130740.0 ns [f0000708] -> read xxxxxxxx
 130900.0 ns [f0000700] -> read xxxxxxxx
 130980.0 ns [f0000704] -> read xxxxxxxx
 131060.0 ns [f0000708] -> read xxxxxxxx
 131220.0 ns [f0000700] -> read xxxxxxxx
 131300.0 ns [f0000704] -> read xxxxxxxx
 131380.0 ns [f0000708] -> read xxxxxxxx
 131540.0 ns [f0000700] -> read xxxxxxxx
 131620.0 ns [f0000704] -> read xxxxxxxx
 131700.0 ns [f0000708] -> read xxxxxxxx
 131860.0 ns [f0000700] -> read xxxxxxxx
 131940.0 ns [f0000704] -> read xxxxxxxx
 132020.0 ns [f0000708] -> read xxxxxxxx
 132180.0 ns [f0000700] -> read xxxxxxxx
 132260.0 ns [f0000704] -> read xxxxxxxx
 132340.0 ns [f0000708] -> read xxxxxxxx
 132500.0 ns [f0000700] -> read xxxxxxxx
 132580.0 ns [f0000704] -> read xxxxxxxx
 132660.0 ns [f0000708] -> read xxxxxxxx
 132820.0 ns [f0000700] -> read xxxxxxxx
 132900.0 ns [f0000704] -> read xxxxxxxx
 132980.0 ns [f0000708] -> read xxxxxxxx
 133140.0 ns [f0000700] -> read xxxxxxxx
 133220.0 ns [f0000704] -> read xxxxxxxx
 133300.0 ns [f0000708] -> read xxxxxxxx
 133460.0 ns [f0000700] -> read xxxxxxxx
 133540.0 ns [f0000704] -> read xxxxxxxx
 133620.0 ns [f0000708] -> read xxxxxxxx
 133780.0 ns [f0000700] -> read xxxxxxxx
 133860.0 ns [f0000704] -> read xxxxxxxx
 133940.0 ns [f0000708] -> read xxxxxxxx
 134100.0 ns [f0000700] -> read xxxxxxxx
 134180.0 ns [f0000704] -> read xxxxxxxx
 134260.0 ns [f0000708] -> read xxxxxxxx
 134420.0 ns [f0000700] -> read xxxxxxxx
 134500.0 ns [f0000704] -> read xxxxxxxx
 134580.0 ns [f0000708] -> read xxxxxxxx
 134740.0 ns [f0000700] -> read xxxxxxxx
 134820.0 ns [f0000704] -> read xxxxxxxx
 134900.0 ns [f0000708] -> read xxxxxxxx
 135060.0 ns [f0000700] -> read xxxxxxxx
 135140.0 ns [f0000704] -> read xxxxxxxx
 135220.0 ns [f0000708] -> read xxxxxxxx
 135380.0 ns [f0000700] -> read xxxxxxxx
 135460.0 ns [f0000704] -> read xxxxxxxx
 135540.0 ns [f0000708] -> read xxxxxxxx
 135700.0 ns [f0000700] -> read xxxxxxxx
 135780.0 ns [f0000704] -> read xxxxxxxx
 135860.0 ns [f0000708] -> read xxxxxxxx
 136020.0 ns [f0000700] -> read xxxxxxxx
 136100.0 ns [f0000704] -> read xxxxxxxx
 136180.0 ns [f0000708] -> read xxxxxxxx
 136340.0 ns [f0000700] -> read xxxxxxxx
 136420.0 ns [f0000704] -> read xxxxxxxx
 136500.0 ns [f0000708] -> read xxxxxxxx
 136660.0 ns [f0000700] -> read xxxxxxxx
 136740.0 ns [f0000704] -> read xxxxxxxx
 136820.0 ns [f0000708] -> read xxxxxxxx
 136980.0 ns [f0000700] -> read xxxxxxxx
 137060.0 ns [f0000704] -> read xxxxxxxx
 137140.0 ns [f0000708] -> read xxxxxxxx
 137300.0 ns [f0000700] -> read xxxxxxxx
 137380.0 ns [f0000704] -> read xxxxxxxx
 137460.0 ns [f0000708] -> read xxxxxxxx
 137620.0 ns [f0000700] -> read xxxxxxxx
 137700.0 ns [f0000704] -> read xxxxxxxx
 137780.0 ns [f0000708] -> read xxxxxxxx
 137940.0 ns [f0000700] -> read xxxxxxxx
 138020.0 ns [f0000704] -> read xxxxxxxx
 138100.0 ns [f0000708] -> read xxxxxxxx
 138260.0 ns [f0000700] -> read xxxxxxxx
 138340.0 ns [f0000704] -> read xxxxxxxx
 138420.0 ns [f0000708] -> read xxxxxxxx
 138580.0 ns [f0000700] -> read xxxxxxxx
 138660.0 ns [f0000704] -> read xxxxxxxx
 138740.0 ns [f0000708] -> read xxxxxxxx
 138900.0 ns [f0000700] -> read xxxxxxxx
 138980.0 ns [f0000704] -> read xxxxxxxx
 139060.0 ns [f0000708] -> read xxxxxxxx
 139220.0 ns [f0000700] -> read xxxxxxxx
 139300.0 ns [f0000704] -> read xxxxxxxx
 139380.0 ns [f0000708] -> read xxxxxxxx
 139540.0 ns [f0000700] -> read xxxxxxxx
 139620.0 ns [f0000704] -> read xxxxxxxx
 139700.0 ns [f0000708] -> read xxxxxxxx
 139860.0 ns [f0000700] -> read xxxxxxxx
 139940.0 ns [f0000704] -> read xxxxxxxx
 140020.0 ns [f0000708] -> read xxxxxxxx
 140180.0 ns [f0000700] -> read xxxxxxxx
 140260.0 ns [f0000704] -> read xxxxxxxx
 140340.0 ns [f0000708] -> read xxxxxxxx
 140500.0 ns [f0000700] -> read xxxxxxxx
 140580.0 ns [f0000704] -> read xxxxxxxx
 140660.0 ns [f0000708] -> read xxxxxxxx
 140820.0 ns [f0000700] -> read xxxxxxxx
 140900.0 ns [f0000704] -> read xxxxxxxx
 140980.0 ns [f0000708] -> read xxxxxxxx
 141140.0 ns [f0000700] -> read xxxxxxxx
 141220.0 ns [f0000704] -> read xxxxxxxx
 141300.0 ns [f0000708] -> read xxxxxxxx
 141460.0 ns [f0000700] -> read xxxxxxxx
 141540.0 ns [f0000704] -> read xxxxxxxx
 141620.0 ns [f0000708] -> read xxxxxxxx
 141780.0 ns [f0000700] -> read xxxxxxxx
 141860.0 ns [f0000704] -> read xxxxxxxx
 141940.0 ns [f0000708] -> read xxxxxxxx
 142100.0 ns [f0000700] -> read xxxxxxxx
 142180.0 ns [f0000704] -> read xxxxxxxx
 142260.0 ns [f0000708] -> read xxxxxxxx
 142420.0 ns [f0000700] -> read xxxxxxxx
 142500.0 ns [f0000704] -> read xxxxxxxx
 142580.0 ns [f0000708] -> read xxxxxxxx
 142740.0 ns [f0000700] -> read xxxxxxxx
 142820.0 ns [f0000704] -> read xxxxxxxx
 142900.0 ns [f0000708] -> read xxxxxxxx
 143060.0 ns [f0000700] -> read xxxxxxxx
 143140.0 ns [f0000704] -> read xxxxxxxx
 143220.0 ns [f0000708] -> read xxxxxxxx
 143380.0 ns [f0000700] -> read xxxxxxxx
 143460.0 ns [f0000704] -> read xxxxxxxx
 143540.0 ns [f0000708] -> read xxxxxxxx
 143700.0 ns [f0000700] -> read xxxxxxxx
 143780.0 ns [f0000704] -> read xxxxxxxx
 143860.0 ns [f0000708] -> read xxxxxxxx
 144020.0 ns [f0000700] -> read xxxxxxxx
 144100.0 ns [f0000704] -> read xxxxxxxx
 144180.0 ns [f0000708] -> read xxxxxxxx
 144340.0 ns [f0000700] -> read xxxxxxxx
 144420.0 ns [f0000704] -> read xxxxxxxx
 144500.0 ns [f0000708] -> read xxxxxxxx
 144660.0 ns [f0000700] -> read xxxxxxxx
 144740.0 ns [f0000704] -> read xxxxxxxx
 144820.0 ns [f0000708] -> read xxxxxxxx
 144980.0 ns [f0000700] -> read xxxxxxxx
 145060.0 ns [f0000704] -> read xxxxxxxx
 145140.0 ns [f0000708] -> read xxxxxxxx
 145300.0 ns [f0000700] -> read xxxxxxxx
 145380.0 ns [f0000704] -> read xxxxxxxx
 145460.0 ns [f0000708] -> read xxxxxxxx
 145620.0 ns [f0000700] -> read xxxxxxxx
 145700.0 ns [f0000704] -> read xxxxxxxx
 145780.0 ns [f0000708] -> read xxxxxxxx
 145940.0 ns [f0000700] -> read xxxxxxxx
 146020.0 ns [f0000704] -> read xxxxxxxx
 146100.0 ns [f0000708] -> read xxxxxxxx
 146260.0 ns [f0000700] -> read xxxxxxxx
 146340.0 ns [f0000704] -> read xxxxxxxx
 146420.0 ns [f0000708] -> read xxxxxxxx
 146580.0 ns [f0000700] -> read xxxxxxxx
 146660.0 ns [f0000704] -> read xxxxxxxx
 146740.0 ns [f0000708] -> read xxxxxxxx
 146900.0 ns [f0000700] -> read xxxxxxxx
 146980.0 ns [f0000704] -> read xxxxxxxx
 147060.0 ns [f0000708] -> read xxxxxxxx
 147220.0 ns [f0000700] -> read xxxxxxxx
 147300.0 ns [f0000704] -> read xxxxxxxx
 147380.0 ns [f0000708] -> read xxxxxxxx
 147540.0 ns [f0000700] -> read xxxxxxxx
 147620.0 ns [f0000704] -> read xxxxxxxx
 147700.0 ns [f0000708] -> read xxxxxxxx
 147860.0 ns [f0000700] -> read xxxxxxxx
 147940.0 ns [f0000704] -> read xxxxxxxx
 148020.0 ns [f0000708] -> read xxxxxxxx
 148180.0 ns [f0000700] -> read xxxxxxxx
 148260.0 ns [f0000704] -> read xxxxxxxx
 148340.0 ns [f0000708] -> read xxxxxxxx
 148500.0 ns [f0000700] -> read xxxxxxxx
 148580.0 ns [f0000704] -> read xxxxxxxx
 148660.0 ns [f0000708] -> read xxxxxxxx
 148820.0 ns [f0000700] -> read xxxxxxxx
 148900.0 ns [f0000704] -> read xxxxxxxx
 148980.0 ns [f0000708] -> read xxxxxxxx
 149140.0 ns [f0000700] -> read xxxxxxxx
 149220.0 ns [f0000704] -> read xxxxxxxx
 149300.0 ns [f0000708] -> read xxxxxxxx
 149460.0 ns [f0000700] -> read xxxxxxxx
 149540.0 ns [f0000704] -> read xxxxxxxx
 149620.0 ns [f0000708] -> read xxxxxxxx
 149780.0 ns [f0000700] -> read xxxxxxxx
 149860.0 ns [f0000704] -> read xxxxxxxx
 149940.0 ns [f0000708] -> read xxxxxxxx
 150100.0 ns [f0000700] -> read xxxxxxxx
 150180.0 ns [f0000704] -> read xxxxxxxx
 150260.0 ns [f0000708] -> read xxxxxxxx
 150420.0 ns [f0000700] -> read xxxxxxxx
 150500.0 ns [f0000704] -> read xxxxxxxx
 150580.0 ns [f0000708] -> read xxxxxxxx
 150740.0 ns [f0000700] -> read xxxxxxxx
 150820.0 ns [f0000704] -> read xxxxxxxx
 150900.0 ns [f0000708] -> read xxxxxxxx
 151060.0 ns [f0000700] -> read xxxxxxxx
 151140.0 ns [f0000704] -> read xxxxxxxx
 151220.0 ns [f0000708] -> read xxxxxxxx
 151380.0 ns [f0000700] -> read xxxxxxxx
 151460.0 ns [f0000704] -> read xxxxxxxx
 151540.0 ns [f0000708] -> read xxxxxxxx
 151700.0 ns [f0000700] -> read xxxxxxxx
 151780.0 ns [f0000704] -> read xxxxxxxx
 151860.0 ns [f0000708] -> read xxxxxxxx
 152020.0 ns [f0000700] -> read xxxxxxxx
 152100.0 ns [f0000704] -> read xxxxxxxx
 152180.0 ns [f0000708] -> read xxxxxxxx
 152340.0 ns [f0000700] -> read xxxxxxxx
 152420.0 ns [f0000704] -> read xxxxxxxx
 152500.0 ns [f0000708] -> read xxxxxxxx
 152660.0 ns [f0000700] -> read xxxxxxxx
 152740.0 ns [f0000704] -> read xxxxxxxx
 152820.0 ns [f0000708] -> read xxxxxxxx
 152980.0 ns [f0000700] -> read xxxxxxxx
 153060.0 ns [f0000704] -> read xxxxxxxx
 153140.0 ns [f0000708] -> read xxxxxxxx
 153300.0 ns [f0000700] -> read xxxxxxxx
 153380.0 ns [f0000704] -> read xxxxxxxx
 153460.0 ns [f0000708] -> read xxxxxxxx
 153620.0 ns [f0000700] -> read xxxxxxxx
 153700.0 ns [f0000704] -> read xxxxxxxx
 153780.0 ns [f0000708] -> read xxxxxxxx
 153940.0 ns [f0000700] -> read xxxxxxxx
 154020.0 ns [f0000704] -> read xxxxxxxx
 154100.0 ns [f0000708] -> read xxxxxxxx
 154260.0 ns [f0000700] -> read xxxxxxxx
 154340.0 ns [f0000704] -> read xxxxxxxx
 154420.0 ns [f0000708] -> read xxxxxxxx
 154580.0 ns [f0000700] -> read xxxxxxxx
 154660.0 ns [f0000704] -> read xxxxxxxx
 154740.0 ns [f0000708] -> read xxxxxxxx
 154900.0 ns [f0000700] -> read xxxxxxxx
 154980.0 ns [f0000704] -> read xxxxxxxx
 155060.0 ns [f0000708] -> read xxxxxxxx
 155220.0 ns [f0000700] -> read xxxxxxxx
 155300.0 ns [f0000704] -> read xxxxxxxx
 155380.0 ns [f0000708] -> read xxxxxxxx
 155540.0 ns [f0000700] -> read xxxxxxxx
 155620.0 ns [f0000704] -> read xxxxxxxx
 155700.0 ns [f0000708] -> read xxxxxxxx
 155860.0 ns [f0000700] -> read xxxxxxxx
 155940.0 ns [f0000704] -> read xxxxxxxx
 156020.0 ns [f0000708] -> read xxxxxxxx
 156180.0 ns [f0000700] -> read xxxxxxxx
 156260.0 ns [f0000704] -> read xxxxxxxx
 156340.0 ns [f0000708] -> read xxxxxxxx
 156500.0 ns [f0000700] -> read xxxxxxxx
 156580.0 ns [f0000704] -> read xxxxxxxx
 156660.0 ns [f0000708] -> read xxxxxxxx
 156820.0 ns [f0000700] -> read xxxxxxxx
 156900.0 ns [f0000704] -> read xxxxxxxx
 156980.0 ns [f0000708] -> read xxxxxxxx
 157140.0 ns [f0000700] -> read xxxxxxxx
 157220.0 ns [f0000704] -> read xxxxxxxx
 157300.0 ns [f0000708] -> read xxxxxxxx
 157460.0 ns [f0000700] -> read xxxxxxxx
 157540.0 ns [f0000704] -> read xxxxxxxx
 157620.0 ns [f0000708] -> read xxxxxxxx
 157780.0 ns [f0000700] -> read xxxxxxxx
 157860.0 ns [f0000704] -> read xxxxxxxx
 157940.0 ns [f0000708] -> read xxxxxxxx
 158100.0 ns [f0000700] -> read xxxxxxxx
 158180.0 ns [f0000704] -> read xxxxxxxx
 158260.0 ns [f0000708] -> read xxxxxxxx
 158420.0 ns [f0000700] -> read xxxxxxxx
 158500.0 ns [f0000704] -> read xxxxxxxx
 158580.0 ns [f0000708] -> read xxxxxxxx
 158740.0 ns [f0000700] -> read xxxxxxxx
 158820.0 ns [f0000704] -> read xxxxxxxx
 158900.0 ns [f0000708] -> read xxxxxxxx
 159060.0 ns [f0000700] -> read xxxxxxxx
 159140.0 ns [f0000704] -> read xxxxxxxx
 159220.0 ns [f0000708] -> read xxxxxxxx
 159380.0 ns [f0000700] -> read xxxxxxxx
 159460.0 ns [f0000704] -> read xxxxxxxx
 159540.0 ns [f0000708] -> read xxxxxxxx
 159700.0 ns [f0000700] -> read xxxxxxxx
 159780.0 ns [f0000704] -> read xxxxxxxx
 159860.0 ns [f0000708] -> read xxxxxxxx
 160020.0 ns [f0000700] -> read xxxxxxxx
 160100.0 ns [f0000704] -> read xxxxxxxx
 160180.0 ns [f0000708] -> read xxxxxxxx
 160340.0 ns [f0000700] -> read xxxxxxxx
 160420.0 ns [f0000704] -> read xxxxxxxx
 160500.0 ns [f0000708] -> read xxxxxxxx
 160660.0 ns [f0000700] -> read xxxxxxxx
 160740.0 ns [f0000704] -> read xxxxxxxx
 160820.0 ns [f0000708] -> read xxxxxxxx
 160980.0 ns [f0000700] -> read xxxxxxxx
 161060.0 ns [f0000704] -> read xxxxxxxx
 161140.0 ns [f0000708] -> read xxxxxxxx
 161300.0 ns [f0000700] -> read xxxxxxxx
 161380.0 ns [f0000704] -> read xxxxxxxx
 161460.0 ns [f0000708] -> read xxxxxxxx
 161620.0 ns [f0000700] -> read xxxxxxxx
 161700.0 ns [f0000704] -> read xxxxxxxx
 161780.0 ns [f0000708] -> read xxxxxxxx
 161940.0 ns [f0000700] -> read xxxxxxxx
 162020.0 ns [f0000704] -> read xxxxxxxx
 162100.0 ns [f0000708] -> read xxxxxxxx
 162260.0 ns [f0000700] -> read xxxxxxxx
 162340.0 ns [f0000704] -> read xxxxxxxx
 162420.0 ns [f0000708] -> read xxxxxxxx
 162580.0 ns [f0000700] -> read xxxxxxxx
 162660.0 ns [f0000704] -> read xxxxxxxx
 162740.0 ns [f0000708] -> read xxxxxxxx
 162900.0 ns [f0000700] -> read xxxxxxxx
 162980.0 ns [f0000704] -> read xxxxxxxx
 163060.0 ns [f0000708] -> read xxxxxxxx
 163220.0 ns [f0000700] -> read xxxxxxxx
 163300.0 ns [f0000704] -> read xxxxxxxx
 163380.0 ns [f0000708] -> read xxxxxxxx
 163540.0 ns [f0000700] -> read xxxxxxxx
 163620.0 ns [f0000704] -> read xxxxxxxx
 163700.0 ns [f0000708] -> read xxxxxxxx
 163860.0 ns [f0000700] -> read xxxxxxxx
 163940.0 ns [f0000704] -> read xxxxxxxx
 164020.0 ns [f0000708] -> read xxxxxxxx
 164180.0 ns [f0000700] -> read xxxxxxxx
 164260.0 ns [f0000704] -> read xxxxxxxx
 164340.0 ns [f0000708] -> read xxxxxxxx
 164500.0 ns [f0000700] -> read xxxxxxxx
 164580.0 ns [f0000704] -> read xxxxxxxx
 164660.0 ns [f0000708] -> read xxxxxxxx
 164820.0 ns [f0000700] -> read xxxxxxxx
 164900.0 ns [f0000704] -> read xxxxxxxx
 164980.0 ns [f0000708] -> read xxxxxxxx
 165140.0 ns [f0000700] -> read xxxxxxxx
 165220.0 ns [f0000704] -> read xxxxxxxx
 165300.0 ns [f0000708] -> read xxxxxxxx
 165460.0 ns [f0000700] -> read xxxxxxxx
 165540.0 ns [f0000704] -> read xxxxxxxx
 165620.0 ns [f0000708] -> read xxxxxxxx
 165780.0 ns [f0000700] -> read xxxxxxxx
 165860.0 ns [f0000704] -> read xxxxxxxx
 165940.0 ns [f0000708] -> read xxxxxxxx
 166100.0 ns [f0000700] -> read xxxxxxxx
 166180.0 ns [f0000704] -> read xxxxxxxx
 166260.0 ns [f0000708] -> read xxxxxxxx
 166420.0 ns [f0000700] -> read xxxxxxxx
 166500.0 ns [f0000704] -> read xxxxxxxx
 166580.0 ns [f0000708] -> read xxxxxxxx
 166740.0 ns [f0000700] -> read xxxxxxxx
 166820.0 ns [f0000704] -> read xxxxxxxx
 166900.0 ns [f0000708] -> read xxxxxxxx
 167060.0 ns [f0000700] -> read xxxxxxxx
 167140.0 ns [f0000704] -> read xxxxxxxx
 167220.0 ns [f0000708] -> read xxxxxxxx
 167380.0 ns [f0000700] -> read xxxxxxxx
 167460.0 ns [f0000704] -> read xxxxxxxx
 167540.0 ns [f0000708] -> read xxxxxxxx
 167700.0 ns [f0000700] -> read xxxxxxxx
 167780.0 ns [f0000704] -> read xxxxxxxx
 167860.0 ns [f0000708] -> read xxxxxxxx
 168020.0 ns [f0000700] -> read xxxxxxxx
 168100.0 ns [f0000704] -> read xxxxxxxx
 168180.0 ns [f0000708] -> read xxxxxxxx
 168340.0 ns [f0000700] -> read xxxxxxxx
 168420.0 ns [f0000704] -> read xxxxxxxx
 168500.0 ns [f0000708] -> read xxxxxxxx
 168660.0 ns [f0000700] -> read xxxxxxxx
 168740.0 ns [f0000704] -> read xxxxxxxx
 168820.0 ns [f0000708] -> read xxxxxxxx
 168980.0 ns [f0000700] -> read xxxxxxxx
 169060.0 ns [f0000704] -> read xxxxxxxx
 169140.0 ns [f0000708] -> read xxxxxxxx
 169300.0 ns [f0000700] -> read xxxxxxxx
 169380.0 ns [f0000704] -> read xxxxxxxx
 169460.0 ns [f0000708] -> read xxxxxxxx
 169620.0 ns [f0000700] -> read xxxxxxxx
 169700.0 ns [f0000704] -> read xxxxxxxx
 169780.0 ns [f0000708] -> read xxxxxxxx
 169940.0 ns [f0000700] -> read xxxxxxxx
 170020.0 ns [f0000704] -> read xxxxxxxx
 170100.0 ns [f0000708] -> read xxxxxxxx
 170260.0 ns [f0000700] -> read xxxxxxxx
 170340.0 ns [f0000704] -> read xxxxxxxx
 170420.0 ns [f0000708] -> read xxxxxxxx
 170580.0 ns [f0000700] -> read xxxxxxxx
 170660.0 ns [f0000704] -> read xxxxxxxx
 170740.0 ns [f0000708] -> read xxxxxxxx
 170900.0 ns [f0000700] -> read xxxxxxxx
 170980.0 ns [f0000704] -> read xxxxxxxx
 171060.0 ns [f0000708] -> read xxxxxxxx
 171220.0 ns [f0000700] -> read xxxxxxxx
 171300.0 ns [f0000704] -> read xxxxxxxx
 171380.0 ns [f0000708] -> read xxxxxxxx
 171540.0 ns [f0000700] -> read xxxxxxxx
 171620.0 ns [f0000704] -> read xxxxxxxx
 171700.0 ns [f0000708] -> read xxxxxxxx
 171860.0 ns [f0000700] -> read xxxxxxxx
 171940.0 ns [f0000704] -> read xxxxxxxx
 172020.0 ns [f0000708] -> read xxxxxxxx
 172180.0 ns [f0000700] -> read xxxxxxxx
 172260.0 ns [f0000704] -> read xxxxxxxx
 172340.0 ns [f0000708] -> read xxxxxxxx
 172500.0 ns [f0000700] -> read xxxxxxxx
 172580.0 ns [f0000704] -> read xxxxxxxx
 172660.0 ns [f0000708] -> read xxxxxxxx
 172820.0 ns [f0000700] -> read xxxxxxxx
 172900.0 ns [f0000704] -> read xxxxxxxx
 172980.0 ns [f0000708] -> read xxxxxxxx
 173140.0 ns [f0000700] -> read xxxxxxxx
 173220.0 ns [f0000704] -> read xxxxxxxx
 173300.0 ns [f0000708] -> read xxxxxxxx
 173460.0 ns [f0000700] -> read xxxxxxxx
 173540.0 ns [f0000704] -> read xxxxxxxx
 173620.0 ns [f0000708] -> read xxxxxxxx
 173780.0 ns [f0000700] -> read xxxxxxxx
 173860.0 ns [f0000704] -> read xxxxxxxx
 173940.0 ns [f0000708] -> read xxxxxxxx
 174100.0 ns [f0000700] -> read xxxxxxxx
 174180.0 ns [f0000704] -> read xxxxxxxx
 174260.0 ns [f0000708] -> read xxxxxxxx
 174420.0 ns [f0000700] -> read xxxxxxxx
 174500.0 ns [f0000704] -> read xxxxxxxx
 174580.0 ns [f0000708] -> read xxxxxxxx
 174740.0 ns [f0000700] -> read xxxxxxxx
 174820.0 ns [f0000704] -> read xxxxxxxx
 174900.0 ns [f0000708] -> read xxxxxxxx
 175060.0 ns [f0000700] -> read xxxxxxxx
 175140.0 ns [f0000704] -> read xxxxxxxx
 175220.0 ns [f0000708] -> read xxxxxxxx
 175380.0 ns [f0000700] -> read xxxxxxxx
 175460.0 ns [f0000704] -> read xxxxxxxx
 175540.0 ns [f0000708] -> read xxxxxxxx
 175700.0 ns [f0000700] -> read xxxxxxxx
 175780.0 ns [f0000704] -> read xxxxxxxx
 175860.0 ns [f0000708] -> read xxxxxxxx
 176020.0 ns [f0000700] -> read xxxxxxxx
 176100.0 ns [f0000704] -> read xxxxxxxx
 176180.0 ns [f0000708] -> read xxxxxxxx
 176340.0 ns [f0000700] -> read xxxxxxxx
 176420.0 ns [f0000704] -> read xxxxxxxx
 176500.0 ns [f0000708] -> read xxxxxxxx
 176660.0 ns [f0000700] -> read xxxxxxxx
 176740.0 ns [f0000704] -> read xxxxxxxx
 176820.0 ns [f0000708] -> read xxxxxxxx
 176980.0 ns [f0000700] -> read xxxxxxxx
 177060.0 ns [f0000704] -> read xxxxxxxx
 177140.0 ns [f0000708] -> read xxxxxxxx
 177300.0 ns [f0000700] -> read xxxxxxxx
 177380.0 ns [f0000704] -> read xxxxxxxx
 177460.0 ns [f0000708] -> read xxxxxxxx
 177620.0 ns [f0000700] -> read xxxxxxxx
 177700.0 ns [f0000704] -> read xxxxxxxx
 177780.0 ns [f0000708] -> read xxxxxxxx
 177940.0 ns [f0000700] -> read xxxxxxxx
 178020.0 ns [f0000704] -> read xxxxxxxx
 178100.0 ns [f0000708] -> read xxxxxxxx
 178260.0 ns [f0000700] -> read xxxxxxxx
 178340.0 ns [f0000704] -> read xxxxxxxx
 178420.0 ns [f0000708] -> read xxxxxxxx
 178580.0 ns [f0000700] -> read xxxxxxxx
 178660.0 ns [f0000704] -> read xxxxxxxx
 178740.0 ns [f0000708] -> read xxxxxxxx
 178900.0 ns [f0000700] -> read xxxxxxxx
 178980.0 ns [f0000704] -> read xxxxxxxx
 179060.0 ns [f0000708] -> read xxxxxxxx
 179220.0 ns [f0000700] -> read xxxxxxxx
 179300.0 ns [f0000704] -> read xxxxxxxx
 179380.0 ns [f0000708] -> read xxxxxxxx
 179540.0 ns [f0000700] -> read xxxxxxxx
 179620.0 ns [f0000704] -> read xxxxxxxx
 179700.0 ns [f0000708] -> read xxxxxxxx
 179860.0 ns [f0000700] -> read xxxxxxxx
 179940.0 ns [f0000704] -> read xxxxxxxx
 180020.0 ns [f0000708] -> read xxxxxxxx
 180180.0 ns [f0000700] -> read xxxxxxxx
 180260.0 ns [f0000704] -> read xxxxxxxx
 180340.0 ns [f0000708] -> read xxxxxxxx
 180500.0 ns [f0000700] -> read xxxxxxxx
 180580.0 ns [f0000704] -> read xxxxxxxx
 180660.0 ns [f0000708] -> read xxxxxxxx
 180820.0 ns [f0000700] -> read xxxxxxxx
 180900.0 ns [f0000704] -> read xxxxxxxx
 180980.0 ns [f0000708] -> read xxxxxxxx
 181140.0 ns [f0000700] -> read xxxxxxxx
 181220.0 ns [f0000704] -> read xxxxxxxx
 181300.0 ns [f0000708] -> read xxxxxxxx
 181460.0 ns [f0000700] -> read xxxxxxxx
 181540.0 ns [f0000704] -> read xxxxxxxx
 181620.0 ns [f0000708] -> read xxxxxxxx
 181780.0 ns [f0000700] -> read xxxxxxxx
 181860.0 ns [f0000704] -> read xxxxxxxx
 181940.0 ns [f0000708] -> read xxxxxxxx
 182100.0 ns [f0000700] -> read xxxxxxxx
 182180.0 ns [f0000704] -> read xxxxxxxx
 182260.0 ns [f0000708] -> read xxxxxxxx
 182420.0 ns [f0000700] -> read xxxxxxxx
 182500.0 ns [f0000704] -> read xxxxxxxx
 182580.0 ns [f0000708] -> read xxxxxxxx
 182740.0 ns [f0000700] -> read xxxxxxxx
 182820.0 ns [f0000704] -> read xxxxxxxx
 182900.0 ns [f0000708] -> read xxxxxxxx
 183060.0 ns [f0000700] -> read xxxxxxxx
 183140.0 ns [f0000704] -> read xxxxxxxx
 183220.0 ns [f0000708] -> read xxxxxxxx
 183380.0 ns [f0000700] -> read xxxxxxxx
 183460.0 ns [f0000704] -> read xxxxxxxx
 183540.0 ns [f0000708] -> read xxxxxxxx
 183700.0 ns [f0000700] -> read xxxxxxxx
 183780.0 ns [f0000704] -> read xxxxxxxx
 183860.0 ns [f0000708] -> read xxxxxxxx
 184020.0 ns [f0000700] -> read xxxxxxxx
 184100.0 ns [f0000704] -> read xxxxxxxx
 184180.0 ns [f0000708] -> read xxxxxxxx
 184340.0 ns [f0000700] -> read xxxxxxxx
 184420.0 ns [f0000704] -> read xxxxxxxx
 184500.0 ns [f0000708] -> read xxxxxxxx
 184660.0 ns [f0000700] -> read xxxxxxxx
 184740.0 ns [f0000704] -> read xxxxxxxx
 184820.0 ns [f0000708] -> read xxxxxxxx
 184980.0 ns [f0000700] -> read xxxxxxxx
 185060.0 ns [f0000704] -> read xxxxxxxx
 185140.0 ns [f0000708] -> read xxxxxxxx
 185300.0 ns [f0000700] -> read xxxxxxxx
 185380.0 ns [f0000704] -> read xxxxxxxx
 185460.0 ns [f0000708] -> read xxxxxxxx
 185620.0 ns [f0000700] -> read xxxxxxxx
 185700.0 ns [f0000704] -> read xxxxxxxx
 185780.0 ns [f0000708] -> read xxxxxxxx
 185940.0 ns [f0000700] -> read xxxxxxxx
 186020.0 ns [f0000704] -> read xxxxxxxx
 186100.0 ns [f0000708] -> read xxxxxxxx
 186260.0 ns [f0000700] -> read xxxxxxxx
 186340.0 ns [f0000704] -> read xxxxxxxx
 186420.0 ns [f0000708] -> read xxxxxxxx
 186580.0 ns [f0000700] -> read xxxxxxxx
 186660.0 ns [f0000704] -> read xxxxxxxx
 186740.0 ns [f0000708] -> read xxxxxxxx
 186900.0 ns [f0000700] -> read xxxxxxxx
 186980.0 ns [f0000704] -> read xxxxxxxx
 187060.0 ns [f0000708] -> read xxxxxxxx
 187220.0 ns [f0000700] -> read xxxxxxxx
 187300.0 ns [f0000704] -> read xxxxxxxx
 187380.0 ns [f0000708] -> read xxxxxxxx
 187540.0 ns [f0000700] -> read xxxxxxxx
 187620.0 ns [f0000704] -> read xxxxxxxx
 187700.0 ns [f0000708] -> read xxxxxxxx
 187860.0 ns [f0000700] -> read xxxxxxxx
 187940.0 ns [f0000704] -> read xxxxxxxx
 188020.0 ns [f0000708] -> read xxxxxxxx
 188180.0 ns [f0000700] -> read xxxxxxxx
 188260.0 ns [f0000704] -> read xxxxxxxx
 188340.0 ns [f0000708] -> read xxxxxxxx
 188500.0 ns [f0000700] -> read xxxxxxxx
 188580.0 ns [f0000704] -> read xxxxxxxx
 188660.0 ns [f0000708] -> read xxxxxxxx
 188820.0 ns [f0000700] -> read xxxxxxxx
 188900.0 ns [f0000704] -> read xxxxxxxx
 188980.0 ns [f0000708] -> read xxxxxxxx
 189140.0 ns [f0000700] -> read xxxxxxxx
 189220.0 ns [f0000704] -> read xxxxxxxx
 189300.0 ns [f0000708] -> read xxxxxxxx
 189460.0 ns [f0000700] -> read xxxxxxxx
 189540.0 ns [f0000704] -> read xxxxxxxx
 189620.0 ns [f0000708] -> read xxxxxxxx
 189780.0 ns [f0000700] -> read xxxxxxxx
 189860.0 ns [f0000704] -> read xxxxxxxx
 189940.0 ns [f0000708] -> read xxxxxxxx
 190100.0 ns [f0000700] -> read xxxxxxxx
 190180.0 ns [f0000704] -> read xxxxxxxx
 190260.0 ns [f0000708] -> read xxxxxxxx
 190420.0 ns [f0000700] -> read xxxxxxxx
 190500.0 ns [f0000704] -> read xxxxxxxx
 190580.0 ns [f0000708] -> read xxxxxxxx
 190740.0 ns [f0000700] -> read xxxxxxxx
 190820.0 ns [f0000704] -> read xxxxxxxx
 190900.0 ns [f0000708] -> read xxxxxxxx
 191060.0 ns [f0000700] -> read xxxxxxxx
 191140.0 ns [f0000704] -> read xxxxxxxx
 191220.0 ns [f0000708] -> read xxxxxxxx
 191380.0 ns [f0000700] -> read xxxxxxxx
 191460.0 ns [f0000704] -> read xxxxxxxx
 191540.0 ns [f0000708] -> read xxxxxxxx
 191700.0 ns [f0000700] -> read xxxxxxxx
 191780.0 ns [f0000704] -> read xxxxxxxx
 191860.0 ns [f0000708] -> read xxxxxxxx
 192020.0 ns [f0000700] -> read xxxxxxxx
 192100.0 ns [f0000704] -> read xxxxxxxx
 192180.0 ns [f0000708] -> read xxxxxxxx
 192340.0 ns [f0000700] -> read xxxxxxxx
 192420.0 ns [f0000704] -> read xxxxxxxx
 192500.0 ns [f0000708] -> read xxxxxxxx
 192660.0 ns [f0000700] -> read xxxxxxxx
 192740.0 ns [f0000704] -> read xxxxxxxx
 192820.0 ns [f0000708] -> read xxxxxxxx
 192980.0 ns [f0000700] -> read xxxxxxxx
 193060.0 ns [f0000704] -> read xxxxxxxx
 193140.0 ns [f0000708] -> read xxxxxxxx
 193300.0 ns [f0000700] -> read xxxxxxxx
 193380.0 ns [f0000704] -> read xxxxxxxx
 193460.0 ns [f0000708] -> read xxxxxxxx
 193620.0 ns [f0000700] -> read xxxxxxxx
 193700.0 ns [f0000704] -> read xxxxxxxx
 193780.0 ns [f0000708] -> read xxxxxxxx
 193940.0 ns [f0000700] -> read xxxxxxxx
 194020.0 ns [f0000704] -> read xxxxxxxx
 194100.0 ns [f0000708] -> read xxxxxxxx
 194260.0 ns [f0000700] -> read xxxxxxxx
 194340.0 ns [f0000704] -> read xxxxxxxx
 194420.0 ns [f0000708] -> read xxxxxxxx
 194580.0 ns [f0000700] -> read xxxxxxxx
 194660.0 ns [f0000704] -> read xxxxxxxx
 194740.0 ns [f0000708] -> read xxxxxxxx
 194900.0 ns [f0000700] -> read xxxxxxxx
 194980.0 ns [f0000704] -> read xxxxxxxx
 195060.0 ns [f0000708] -> read xxxxxxxx
 195220.0 ns [f0000700] -> read xxxxxxxx
 195300.0 ns [f0000704] -> read xxxxxxxx
 195380.0 ns [f0000708] -> read xxxxxxxx
 195540.0 ns [f0000700] -> read xxxxxxxx
 195620.0 ns [f0000704] -> read xxxxxxxx
 195700.0 ns [f0000708] -> read xxxxxxxx
 195860.0 ns [f0000700] -> read xxxxxxxx
 195940.0 ns [f0000704] -> read xxxxxxxx
 196020.0 ns [f0000708] -> read xxxxxxxx
 196180.0 ns [f0000700] -> read xxxxxxxx
 196260.0 ns [f0000704] -> read xxxxxxxx
 196340.0 ns [f0000708] -> read xxxxxxxx
 196500.0 ns [f0000700] -> read xxxxxxxx
 196580.0 ns [f0000704] -> read xxxxxxxx
 196660.0 ns [f0000708] -> read xxxxxxxx
 196820.0 ns [f0000700] -> read xxxxxxxx
 196900.0 ns [f0000704] -> read xxxxxxxx
 196980.0 ns [f0000708] -> read xxxxxxxx
 197140.0 ns [f0000700] -> read xxxxxxxx
 197220.0 ns [f0000704] -> read xxxxxxxx
 197300.0 ns [f0000708] -> read xxxxxxxx
 197460.0 ns [f0000700] -> read xxxxxxxx
 197540.0 ns [f0000704] -> read xxxxxxxx
 197620.0 ns [f0000708] -> read xxxxxxxx
 197780.0 ns [f0000700] -> read xxxxxxxx
 197860.0 ns [f0000704] -> read xxxxxxxx
 197940.0 ns [f0000708] -> read xxxxxxxx
 198100.0 ns [f0000700] -> read xxxxxxxx
 198180.0 ns [f0000704] -> read xxxxxxxx
 198260.0 ns [f0000708] -> read xxxxxxxx
 198420.0 ns [f0000700] -> read xxxxxxxx
 198500.0 ns [f0000704] -> read xxxxxxxx
 198580.0 ns [f0000708] -> read xxxxxxxx
 198740.0 ns [f0000700] -> read xxxxxxxx
 198820.0 ns [f0000704] -> read xxxxxxxx
 198900.0 ns [f0000708] -> read xxxxxxxx
 199060.0 ns [f0000700] -> read xxxxxxxx
 199140.0 ns [f0000704] -> read xxxxxxxx
 199220.0 ns [f0000708] -> read xxxxxxxx
 199380.0 ns [f0000700] -> read xxxxxxxx
 199460.0 ns [f0000704] -> read xxxxxxxx
 199540.0 ns [f0000708] -> read xxxxxxxx
 199700.0 ns [f0000700] -> read xxxxxxxx
 199780.0 ns [f0000704] -> read xxxxxxxx
 199860.0 ns [f0000708] -> read xxxxxxxx
 200020.0 ns [f0000700] -> read xxxxxxxx
 200100.0 ns [f0000704] -> read xxxxxxxx
 200180.0 ns [f0000708] -> read xxxxxxxx
 200340.0 ns [f0000700] -> read xxxxxxxx
 200420.0 ns [f0000704] -> read xxxxxxxx
 200500.0 ns [f0000708] -> read xxxxxxxx
