   1180.0 ns [e0000000] <- write 00000000, byte sel 1111
   1520.0 ns [e0000000] -> read 00000000
   2020.0 ns [e0000000] -> read 00000000
   2260.0 ns [e0000000] <- write 00000001, byte sel 1111
   2420.0 ns [e0000000] -> read 00000001
   2920.0 ns [e0000000] -> read 00000001
   3160.0 ns [e0000000] <- write 00000002, byte sel 1111
   3320.0 ns [e0000000] -> read 00000002
   3820.0 ns [e0000000] -> read 00000002
   4060.0 ns [e0000000] <- write 00000003, byte sel 1111
   4220.0 ns [e0000000] -> read 00000003
   4720.0 ns [e0000000] -> read 00000003
   4960.0 ns [e0000000] <- write 00000004, byte sel 1111
   5120.0 ns [e0000000] -> read 00000004
   5620.0 ns [e0000000] -> read 00000004
   5860.0 ns [e0000000] <- write 00000005, byte sel 1111
   6020.0 ns [e0000000] -> read 00000005
   6520.0 ns [e0000000] -> read 00000005
   6760.0 ns [e0000000] <- write 00000006, byte sel 1111
   6920.0 ns [e0000000] -> read 00000006
   7420.0 ns [e0000000] -> read 00000006
   7660.0 ns [e0000000] <- write 00000007, byte sel 1111
   7820.0 ns [e0000000] -> read 00000007
   8320.0 ns [e0000000] -> read 00000007
   8560.0 ns [e0000000] <- write 00000008, byte sel 1111
   8720.0 ns [e0000000] -> read 00000008
   9220.0 ns [e0000000] -> read 00000008
   9460.0 ns [e0000000] <- write 00000009, byte sel 1111
   9620.0 ns [e0000000] -> read 00000009
  10120.0 ns [e0000000] -> read 00000009
  10360.0 ns [e0000000] <- write 0000000a, byte sel 1111
  10520.0 ns [e0000000] -> read 0000000a
  11020.0 ns [e0000000] -> read 0000000a
  11260.0 ns [e0000000] <- write 0000000b, byte sel 1111
  11420.0 ns [e0000000] -> read 0000000b
  11920.0 ns [e0000000] -> read 0000000b
  12160.0 ns [e0000000] <- write 0000000c, byte sel 1111
  12320.0 ns [e0000000] -> read 0000000c
  12820.0 ns [e0000000] -> read 0000000c
  13060.0 ns [e0000000] <- write 0000000d, byte sel 1111
  13220.0 ns [e0000000] -> read 0000000d
  13720.0 ns [e0000000] -> read 0000000d
  13960.0 ns [e0000000] <- write 0000000e, byte sel 1111
  14120.0 ns [e0000000] -> read 0000000e
  14620.0 ns [e0000000] -> read 0000000e
  14860.0 ns [e0000000] <- write 0000000f, byte sel 1111
  15020.0 ns [e0000000] -> read 0000000f
  15520.0 ns [e0000000] -> read 0000000f
  15760.0 ns [e0000000] <- write 00000010, byte sel 1111
  15920.0 ns [e0000000] -> read 00000010
  16420.0 ns [e0000000] -> read 00000010
  16660.0 ns [e0000000] <- write 00000011, byte sel 1111
  16820.0 ns [e0000000] -> read 00000011
  17320.0 ns [e0000000] -> read 00000011
  17560.0 ns [e0000000] <- write 00000012, byte sel 1111
  17720.0 ns [e0000000] -> read 00000012
  18220.0 ns [e0000000] -> read 00000012
  18460.0 ns [e0000000] <- write 00000013, byte sel 1111
  18620.0 ns [e0000000] -> read 00000013
  19120.0 ns [e0000000] -> read 00000013
  19360.0 ns [e0000000] <- write 00000014, byte sel 1111
  19520.0 ns [e0000000] -> read 00000014
  20020.0 ns [e0000000] -> read 00000014
  20260.0 ns [e0000000] <- write 00000015, byte sel 1111
  20420.0 ns [e0000000] -> read 00000015
  20920.0 ns [e0000000] -> read 00000015
  21160.0 ns [e0000000] <- write 00000016, byte sel 1111
  21320.0 ns [e0000000] -> read 00000016
  21820.0 ns [e0000000] -> read 00000016
  22060.0 ns [e0000000] <- write 00000017, byte sel 1111
  22220.0 ns [e0000000] -> read 00000017
  22720.0 ns [e0000000] -> read 00000017
  22960.0 ns [e0000000] <- write 00000018, byte sel 1111
  23120.0 ns [e0000000] -> read 00000018
  23620.0 ns [e0000000] -> read 00000018
  23860.0 ns [e0000000] <- write 00000019, byte sel 1111
  24020.0 ns [e0000000] -> read 00000019
  24520.0 ns [e0000000] -> read 00000019
  24760.0 ns [e0000000] <- write 0000001a, byte sel 1111
  24920.0 ns [e0000000] -> read 0000001a
  25420.0 ns [e0000000] -> read 0000001a
  25660.0 ns [e0000000] <- write 0000001b, byte sel 1111
  25820.0 ns [e0000000] -> read 0000001b
  26320.0 ns [e0000000] -> read 0000001b
  26560.0 ns [e0000000] <- write 0000001c, byte sel 1111
  26720.0 ns [e0000000] -> read 0000001c
  27220.0 ns [e0000000] -> read 0000001c
  27460.0 ns [e0000000] <- write 0000001d, byte sel 1111
  27620.0 ns [e0000000] -> read 0000001d
  28120.0 ns [e0000000] -> read 0000001d
  28360.0 ns [e0000000] <- write 0000001e, byte sel 1111
  28520.0 ns [e0000000] -> read 0000001e
  29020.0 ns [e0000000] -> read 0000001e
  29260.0 ns [e0000000] <- write 0000001f, byte sel 1111
  29420.0 ns [e0000000] -> read 0000001f
  29920.0 ns [e0000000] -> read 0000001f
  30160.0 ns [e0000000] <- write 00000020, byte sel 1111
  30320.0 ns [e0000000] -> read 00000020
  30820.0 ns [e0000000] -> read 00000020
  31060.0 ns [e0000000] <- write 00000021, byte sel 1111
  31220.0 ns [e0000000] -> read 00000021
  31720.0 ns [e0000000] -> read 00000021
  31960.0 ns [e0000000] <- write 00000022, byte sel 1111
  32120.0 ns [e0000000] -> read 00000022
  32620.0 ns [e0000000] -> read 00000022
  32860.0 ns [e0000000] <- write 00000023, byte sel 1111
  33020.0 ns [e0000000] -> read 00000023
  33520.0 ns [e0000000] -> read 00000023
  33760.0 ns [e0000000] <- write 00000024, byte sel 1111
  33920.0 ns [e0000000] -> read 00000024
  34420.0 ns [e0000000] -> read 00000024
  34660.0 ns [e0000000] <- write 00000025, byte sel 1111
  34820.0 ns [e0000000] -> read 00000025
  35320.0 ns [e0000000] -> read 00000025
  35560.0 ns [e0000000] <- write 00000026, byte sel 1111
  35720.0 ns [e0000000] -> read 00000026
  36220.0 ns [e0000000] -> read 00000026
  36460.0 ns [e0000000] <- write 00000027, byte sel 1111
  36620.0 ns [e0000000] -> read 00000027
  37120.0 ns [e0000000] -> read 00000027
  37360.0 ns [e0000000] <- write 00000028, byte sel 1111
  37520.0 ns [e0000000] -> read 00000028
  38020.0 ns [e0000000] -> read 00000028
  38260.0 ns [e0000000] <- write 00000029, byte sel 1111
  38420.0 ns [e0000000] -> read 00000029
  38920.0 ns [e0000000] -> read 00000029
  39160.0 ns [e0000000] <- write 0000002a, byte sel 1111
  39320.0 ns [e0000000] -> read 0000002a
  39820.0 ns [e0000000] -> read 0000002a
  40060.0 ns [e0000000] <- write 0000002b, byte sel 1111
  40220.0 ns [e0000000] -> read 0000002b
  40720.0 ns [e0000000] -> read 0000002b
  40960.0 ns [e0000000] <- write 0000002c, byte sel 1111
  41120.0 ns [e0000000] -> read 0000002c
  41620.0 ns [e0000000] -> read 0000002c
  41860.0 ns [e0000000] <- write 0000002d, byte sel 1111
  42020.0 ns [e0000000] -> read 0000002d
  42520.0 ns [e0000000] -> read 0000002d
  42760.0 ns [e0000000] <- write 0000002e, byte sel 1111
  42920.0 ns [e0000000] -> read 0000002e
  43420.0 ns [e0000000] -> read 0000002e
  43660.0 ns [e0000000] <- write 0000002f, byte sel 1111
  43820.0 ns [e0000000] -> read 0000002f
  44320.0 ns [e0000000] -> read 0000002f
  44560.0 ns [e0000000] <- write 00000030, byte sel 1111
  44720.0 ns [e0000000] -> read 00000030
  45220.0 ns [e0000000] -> read 00000030
  45460.0 ns [e0000000] <- write 00000031, byte sel 1111
  45620.0 ns [e0000000] -> read 00000031
  46120.0 ns [e0000000] -> read 00000031
  46360.0 ns [e0000000] <- write 00000032, byte sel 1111
  46520.0 ns [e0000000] -> read 00000032
  47020.0 ns [e0000000] -> read 00000032
  47260.0 ns [e0000000] <- write 00000033, byte sel 1111
  47420.0 ns [e0000000] -> read 00000033
  47920.0 ns [e0000000] -> read 00000033
  48160.0 ns [e0000000] <- write 00000034, byte sel 1111
  48320.0 ns [e0000000] -> read 00000034
  48820.0 ns [e0000000] -> read 00000034
  49060.0 ns [e0000000] <- write 00000035, byte sel 1111
  49220.0 ns [e0000000] -> read 00000035
  49720.0 ns [e0000000] -> read 00000035
  49960.0 ns [e0000000] <- write 00000036, byte sel 1111
  50120.0 ns [e0000000] -> read 00000036
  50620.0 ns [e0000000] -> read 00000036
  50860.0 ns [e0000000] <- write 00000037, byte sel 1111
  51020.0 ns [e0000000] -> read 00000037
  51520.0 ns [e0000000] -> read 00000037
  51760.0 ns [e0000000] <- write 00000038, byte sel 1111
  51920.0 ns [e0000000] -> read 00000038
  52420.0 ns [e0000000] -> read 00000038
  52660.0 ns [e0000000] <- write 00000039, byte sel 1111
  52820.0 ns [e0000000] -> read 00000039
  53320.0 ns [e0000000] -> read 00000039
  53560.0 ns [e0000000] <- write 0000003a, byte sel 1111
  53720.0 ns [e0000000] -> read 0000003a
  54220.0 ns [e0000000] -> read 0000003a
  54460.0 ns [e0000000] <- write 0000003b, byte sel 1111
  54620.0 ns [e0000000] -> read 0000003b
  55120.0 ns [e0000000] -> read 0000003b
  55360.0 ns [e0000000] <- write 0000003c, byte sel 1111
  55520.0 ns [e0000000] -> read 0000003c
  56020.0 ns [e0000000] -> read 0000003c
  56260.0 ns [e0000000] <- write 0000003d, byte sel 1111
  56420.0 ns [e0000000] -> read 0000003d
  56920.0 ns [e0000000] -> read 0000003d
  57160.0 ns [e0000000] <- write 0000003e, byte sel 1111
  57320.0 ns [e0000000] -> read 0000003e
  57820.0 ns [e0000000] -> read 0000003e
  58060.0 ns [e0000000] <- write 0000003f, byte sel 1111
  58220.0 ns [e0000000] -> read 0000003f
  58720.0 ns [e0000000] -> read 0000003f
  58960.0 ns [e0000000] <- write 00000040, byte sel 1111
  59120.0 ns [e0000000] -> read 00000040
  73600.0 ns [e0001000] <- write 00000000, byte sel 1111
  74080.0 ns [e0001004] <- write ffffffff, byte sel 1111
  74480.0 ns [e0001008] <- write 00000000, byte sel 1111
  74960.0 ns [e000100c] <- write 00000000, byte sel 1111
